[2019-03-29 20:55:26] AÇÕES.WARNING: Primeiro Caixa: - Usuário: Frederyk Antunnes -ID:2 [] []
[2019-03-29 20:55:29] AÇÕES.WARNING: Caixa Aberto: - Usuário: Frederyk Antunnes -ID:2 [] []
[2019-03-29 20:55:29] AÇÕES.WARNING: Movimentação: - Usuário: Frederyk Antunnes -ID:2 [] []
[2019-03-30 00:02:22] AÇÕES.WARNING: Novo Grupo de Produto: - Usuário: Frederyk Antunnes -ID:2 [] []
[2019-03-30 00:02:35] AÇÕES.WARNING: Novo Fornecedor: - Usuário: Frederyk Antunnes -ID:2 [] []
[2019-03-30 00:02:51] AÇÕES.WARNING: Novo Produto: - Usuário: Frederyk Antunnes -ID:2 [] []
[2019-03-30 00:03:19] AÇÕES.WARNING: Cliente Cadastrado: - Usuário: Frederyk Antunnes -ID:2 [] []
[2019-03-30 00:04:31] AÇÕES.WARNING: Adicionado Produto a Venda: - Usuário: Frederyk Antunnes -ID:2 [] []
[2019-03-30 00:04:52] AÇÕES.WARNING: Removido Produto da Venda: - Usuário: Frederyk Antunnes -ID:2 [] []
[2019-03-30 00:04:59] AÇÕES.WARNING: Adicionado Produto a Venda: - Usuário: Frederyk Antunnes -ID:2 [] []
[2019-03-30 01:27:35] AÇÕES.WARNING: Adicionado Produto a Venda: - Usuário: Frederyk Antunnes -ID:2 [] []
[2019-03-30 01:28:06] AÇÕES.WARNING: Adicionado Produto a Venda: - Usuário: Frederyk Antunnes -ID:2 [] []
[2019-03-30 01:28:43] AÇÕES.WARNING: Adicionado Produto a Venda: - Usuário: Frederyk Antunnes -ID:2 [] []
[2019-03-30 01:28:43] AÇÕES.WARNING: Adicionado Produto a Venda: - Usuário: Frederyk Antunnes -ID:2 [] []
[2019-03-30 01:29:38] AÇÕES.WARNING: Adicionado Produto a Venda: - Usuário: Frederyk Antunnes -ID:2 [] []
[2019-03-30 01:30:12] AÇÕES.WARNING: Adicionado Produto a Venda: - Usuário: Frederyk Antunnes -ID:2 [] []
[2019-03-30 01:34:25] AÇÕES.WARNING: Adicionado Produto a Venda: - Usuário: Frederyk Antunnes -ID:2 [] []
[2019-03-30 01:34:29] AÇÕES.WARNING: Removido Produto da Venda: - Usuário: Frederyk Antunnes -ID:2 [] []
[2019-03-30 01:34:49] AÇÕES.WARNING: Adicionado Produto a Venda: - Usuário: Frederyk Antunnes -ID:2 [] []
[2019-03-30 01:38:47] AÇÕES.WARNING: Adicionado Produto a Venda: - Usuário: Frederyk Antunnes -ID:2 [] []
[2019-03-30 01:42:08] AÇÕES.WARNING: Adicionado Produto a Venda: - Usuário: Frederyk Antunnes -ID:2 [] []
[2019-03-30 01:42:50] AÇÕES.WARNING: Adicionado Produto a Venda: - Usuário: Frederyk Antunnes -ID:2 [] []
[2019-03-30 01:46:53] AÇÕES.WARNING: Adicionado Produto a Venda: - Usuário: Frederyk Antunnes 235 -ID:3 [] []
[2019-03-30 01:58:25] AÇÕES.WARNING: Pagamento de Debito: - Usuário: Frederyk Antunnes -ID:2 [] []
[2019-03-30 01:58:25] AÇÕES.WARNING: Novo Pagamento: - Usuário: Frederyk Antunnes -ID:2 [] []
[2019-03-30 01:58:25] AÇÕES.WARNING: Movimentação: - Usuário: Frederyk Antunnes -ID:2 [] []
[2019-03-30 01:59:38] AÇÕES.WARNING: Cliente Excluído: - Usuário: Frederyk Antunnes -ID:2 [] []
[2019-03-30 02:01:32] AÇÕES.WARNING: Nova Compra: - Usuário: Frederyk Antunnes -ID:2 [] []
