[2018-10-16 13:08:56] AÇÕES.WARNING: Primeiro Caixa: - Usuário: FREDERYK ANTUNNES DE SOUSA ALVES -ID:2 [] []
[2018-10-16 13:09:00] AÇÕES.WARNING: Caixa Aberto: - Usuário: FREDERYK ANTUNNES DE SOUSA ALVES -ID:2 [] []
[2018-10-16 13:09:00] AÇÕES.WARNING: Movimentação: - Usuário: FREDERYK ANTUNNES DE SOUSA ALVES -ID:2 [] []
[2018-11-14 13:41:42] AÇÕES.WARNING: Novo Fornecedor: - Usuário: FREDERYK ANTUNNES DE SOUSA ALVES -ID:2 [] []
[2018-11-14 13:42:04] AÇÕES.WARNING: Novo Grupo de Produto: - Usuário: FREDERYK ANTUNNES DE SOUSA ALVES -ID:2 [] []
[2018-11-14 13:42:33] AÇÕES.WARNING: Novo Grupo de Produto: - Usuário: FREDERYK ANTUNNES DE SOUSA ALVES -ID:2 [] []
[2018-11-14 13:42:56] AÇÕES.WARNING: Atualização de Grupo de Produto: - Usuário: FREDERYK ANTUNNES DE SOUSA ALVES -ID:2 [] []
[2018-11-14 13:44:23] AÇÕES.WARNING: Novo Produto: - Usuário: FREDERYK ANTUNNES DE SOUSA ALVES -ID:2 [] []
[2018-11-14 13:45:27] AÇÕES.WARNING: Novo Produto: - Usuário: FREDERYK ANTUNNES DE SOUSA ALVES -ID:2 [] []
[2018-11-14 13:46:11] AÇÕES.WARNING: Novo Produto: - Usuário: FREDERYK ANTUNNES DE SOUSA ALVES -ID:2 [] []
[2018-11-14 13:46:49] AÇÕES.WARNING: Novo Produto: - Usuário: FREDERYK ANTUNNES DE SOUSA ALVES -ID:2 [] []
[2018-11-14 13:47:06] AÇÕES.WARNING: Atualização de Produto: - Usuário: FREDERYK ANTUNNES DE SOUSA ALVES -ID:2 [] []
[2018-11-14 13:48:48] AÇÕES.WARNING: Novo Grupo de Produto: - Usuário: FREDERYK ANTUNNES DE SOUSA ALVES -ID:2 [] []
[2018-11-14 13:49:37] AÇÕES.WARNING: Novo Fornecedor: - Usuário: FREDERYK ANTUNNES DE SOUSA ALVES -ID:2 [] []
[2018-11-14 13:50:43] AÇÕES.WARNING: Novo Produto: - Usuário: FREDERYK ANTUNNES DE SOUSA ALVES -ID:2 [] []
[2018-11-14 13:51:49] AÇÕES.WARNING: Novo Produto: - Usuário: FREDERYK ANTUNNES DE SOUSA ALVES -ID:2 [] []
[2018-11-14 13:52:45] AÇÕES.WARNING: Novo Produto: - Usuário: FREDERYK ANTUNNES DE SOUSA ALVES -ID:2 [] []
[2018-11-14 13:53:15] AÇÕES.WARNING: Atualização de Produto: - Usuário: FREDERYK ANTUNNES DE SOUSA ALVES -ID:2 [] []
[2018-11-14 13:56:09] AÇÕES.WARNING: Cliente Cadastrado: - Usuário: FREDERYK ANTUNNES DE SOUSA ALVES -ID:2 [] []
[2018-11-14 13:58:52] AÇÕES.WARNING: Cliente Cadastrado: - Usuário: FREDERYK ANTUNNES DE SOUSA ALVES -ID:2 [] []
[2018-11-14 13:59:13] AÇÕES.WARNING: Nova Venda: - Usuário: FREDERYK ANTUNNES DE SOUSA ALVES -ID:2 [] []
[2018-11-14 13:59:23] AÇÕES.WARNING: Adicionado Produto a Venda: - Usuário: FREDERYK ANTUNNES DE SOUSA ALVES -ID:2 [] []
[2018-11-14 13:59:53] AÇÕES.WARNING: Nova Venda: - Usuário: FREDERYK ANTUNNES DE SOUSA ALVES -ID:2 [] []
[2018-11-14 14:00:08] AÇÕES.WARNING: Adicionado Produto a Venda: - Usuário: FREDERYK ANTUNNES DE SOUSA ALVES -ID:2 [] []
[2018-11-20 13:07:54] AÇÕES.WARNING: Nova Compra: - Usuário: FREDERYK ANTUNNES DE SOUSA ALVES -ID:2 [] []
[2018-11-20 13:08:16] AÇÕES.WARNING: Compra Excluida: - Usuário: FREDERYK ANTUNNES DE SOUSA ALVES -ID:2 [] []
[2018-12-03 18:32:03] AÇÕES.WARNING: Atualização de Produto: - Usuário: FREDERYK ANTUNNES DE SOUSA ALVES -ID:2 [] []
[2018-12-03 18:39:09] AÇÕES.WARNING: Atualização de Produto: - Usuário: FREDERYK ANTUNNES DE SOUSA ALVES -ID:2 [] []
[2018-12-15 00:49:14] AÇÕES.WARNING: Conta Cadastrada: - Usuário: FREDERYK ANTUNNES DE SOUSA ALVES -ID:2 [] []
[2018-12-15 00:49:14] AÇÕES.WARNING: Conta Cadastrada: - Usuário: FREDERYK ANTUNNES DE SOUSA ALVES -ID:2 [] []
[2018-12-15 00:49:14] AÇÕES.WARNING: Conta Cadastrada: - Usuário: FREDERYK ANTUNNES DE SOUSA ALVES -ID:2 [] []
[2018-12-15 00:49:14] AÇÕES.WARNING: Conta Cadastrada: - Usuário: FREDERYK ANTUNNES DE SOUSA ALVES -ID:2 [] []
[2018-12-15 00:49:14] AÇÕES.WARNING: Conta Cadastrada: - Usuário: FREDERYK ANTUNNES DE SOUSA ALVES -ID:2 [] []
[2018-12-15 00:49:14] AÇÕES.WARNING: Conta Cadastrada: - Usuário: FREDERYK ANTUNNES DE SOUSA ALVES -ID:2 [] []
[2018-12-15 00:49:14] AÇÕES.WARNING: Conta Cadastrada: - Usuário: FREDERYK ANTUNNES DE SOUSA ALVES -ID:2 [] []
[2019-01-10 19:09:08] AÇÕES.WARNING: Caixa Fechado: - Usuário: FREDERYK ANTUNNES DE SOUSA ALVES -ID:2 [] []
[2019-01-10 19:11:15] AÇÕES.WARNING: Caixa Aberto: - Usuário: FREDERYK ANTUNNES DE SOUSA ALVES -ID:2 [] []
[2019-01-10 19:11:15] AÇÕES.WARNING: Movimentação: - Usuário: FREDERYK ANTUNNES DE SOUSA ALVES -ID:2 [] []
[2019-01-11 16:29:23] AÇÕES.WARNING: Caixa Fechado: - Usuário: FREDERYK ANTUNNES DE SOUSA ALVES -ID:2 [] []
[2019-01-11 16:29:25] AÇÕES.WARNING: Caixa Aberto: - Usuário: FREDERYK ANTUNNES DE SOUSA ALVES -ID:2 [] []
[2019-01-11 16:29:25] AÇÕES.WARNING: Movimentação: - Usuário: FREDERYK ANTUNNES DE SOUSA ALVES -ID:2 [] []
[2019-01-11 16:30:01] AÇÕES.WARNING: Cliente Cadastrado: - Usuário: FREDERYK ANTUNNES DE SOUSA ALVES -ID:2 [] []
[2019-01-11 20:22:47] AÇÕES.WARNING: Nova Venda: - Usuário: FREDERYK ANTUNNES DE SOUSA ALVES -ID:2 [] []
[2019-01-11 20:23:00] AÇÕES.WARNING: Adicionado Produto a Venda: - Usuário: FREDERYK ANTUNNES DE SOUSA ALVES -ID:2 [] []
[2019-01-29 17:40:23] AÇÕES.WARNING: Cliente Cadastrado: - Usuário: FREDERYK ANTUNNES DE SOUSA ALVES -ID:2 [] []
[2019-01-29 17:40:41] AÇÕES.WARNING: Nova Venda: - Usuário: FREDERYK ANTUNNES DE SOUSA ALVES -ID:2 [] []
[2019-01-29 17:40:51] AÇÕES.WARNING: Adicionado Produto a Venda: - Usuário: FREDERYK ANTUNNES DE SOUSA ALVES -ID:2 [] []
[2019-01-29 19:02:32] AÇÕES.WARNING: Caixa Fechado: - Usuário: FREDERYK ANTUNNES DE SOUSA ALVES -ID:2 [] []
[2019-01-29 19:02:37] AÇÕES.WARNING: Caixa Aberto: - Usuário: FREDERYK ANTUNNES DE SOUSA ALVES -ID:2 [] []
[2019-01-29 19:02:37] AÇÕES.WARNING: Movimentação: - Usuário: FREDERYK ANTUNNES DE SOUSA ALVES -ID:2 [] []
[2019-01-29 19:05:23] AÇÕES.WARNING: Entrada/Saida: - Usuário: FREDERYK ANTUNNES DE SOUSA ALVES -ID:2 [] []
[2019-01-29 19:05:49] AÇÕES.WARNING: Caixa Fechado: - Usuário: FREDERYK ANTUNNES DE SOUSA ALVES -ID:2 [] []
[2019-01-30 12:04:29] AÇÕES.WARNING: Caixa Aberto: - Usuário: FREDERYK ANTUNNES DE SOUSA ALVES -ID:2 [] []
[2019-01-30 12:04:29] AÇÕES.WARNING: Movimentação: - Usuário: FREDERYK ANTUNNES DE SOUSA ALVES -ID:2 [] []
[2019-01-30 12:13:50] AÇÕES.WARNING: Nova Venda: - Usuário: FREDERYK ANTUNNES DE SOUSA ALVES -ID:2 [] []
[2019-02-09 17:48:08] AÇÕES.WARNING: Caixa Fechado: - Usuário: FREDERYK ANTUNNES DE SOUSA ALVES -ID:2 [] []
[2019-02-10 10:41:44] AÇÕES.WARNING: Caixa Aberto: - Usuário: FREDERYK ANTUNNES DE SOUSA ALVES -ID:2 [] []
[2019-02-10 10:41:44] AÇÕES.WARNING: Movimentação: - Usuário: FREDERYK ANTUNNES DE SOUSA ALVES -ID:2 [] []
[2019-02-16 14:46:22] AÇÕES.WARNING: Caixa Fechado: - Usuário: FREDERYK ANTUNNES DE SOUSA ALVES -ID:2 [] []
[2019-02-16 15:24:24] AÇÕES.WARNING: Caixa Aberto: - Usuário: FREDERYK ANTUNNES DE SOUSA ALVES -ID:2 [] []
[2019-02-16 15:24:24] AÇÕES.WARNING: Movimentação: - Usuário: FREDERYK ANTUNNES DE SOUSA ALVES -ID:2 [] []
[2019-02-16 15:33:19] AÇÕES.WARNING: Nova Compra: - Usuário: FREDERYK ANTUNNES DE SOUSA ALVES -ID:2 [] []
[2019-02-16 15:33:40] AÇÕES.WARNING: Adicionado Produto a Compra: - Usuário: FREDERYK ANTUNNES DE SOUSA ALVES -ID:2 [] []
[2019-02-16 15:33:57] AÇÕES.WARNING: Compra Atualizada: - Usuário: FREDERYK ANTUNNES DE SOUSA ALVES -ID:2 [] []
[2019-02-16 15:42:00] AÇÕES.WARNING: Nova Venda: - Usuário: FREDERYK ANTUNNES DE SOUSA ALVES -ID:2 [] []
[2019-02-16 15:42:33] AÇÕES.WARNING: Adicionado Produto a Venda: - Usuário: FREDERYK ANTUNNES DE SOUSA ALVES -ID:2 [] []
[2019-02-16 15:44:00] AÇÕES.WARNING: Adicionado Produto a Venda: - Usuário: FREDERYK ANTUNNES DE SOUSA ALVES -ID:2 [] []
[2019-02-16 15:50:02] AÇÕES.WARNING: Conta PagaRecebida:1 - Internet Matriz - 1-7 - 89,90 - Usuário: FREDERYK ANTUNNES DE SOUSA ALVES -ID:2 [] []
[2019-02-16 15:52:24] AÇÕES.WARNING: Pagamento de Debito: - Usuário: FREDERYK ANTUNNES DE SOUSA ALVES -ID:2 [] []
[2019-02-16 15:52:24] AÇÕES.WARNING: Novo Pagamento: - Usuário: FREDERYK ANTUNNES DE SOUSA ALVES -ID:2 [] []
[2019-02-16 15:52:24] AÇÕES.WARNING: Movimentação: - Usuário: FREDERYK ANTUNNES DE SOUSA ALVES -ID:2 [] []
[2019-02-16 15:59:32] AÇÕES.WARNING: Entrada/Saida: - Usuário: FREDERYK ANTUNNES DE SOUSA ALVES -ID:2 [] []
[2019-02-16 16:05:38] AÇÕES.WARNING: Adicionado Produto a Venda: - Usuário: FREDERYK ANTUNNES DE SOUSA ALVES -ID:2 [] []
[2019-02-16 16:06:25] AÇÕES.WARNING: Venda Excluida: - Usuário: FREDERYK ANTUNNES DE SOUSA ALVES -ID:2 [] []
[2019-02-16 16:07:54] AÇÕES.WARNING: Caixa Fechado: - Usuário: FREDERYK ANTUNNES DE SOUSA ALVES -ID:2 [] []
