[2018-10-13 17:05:40] TentativaDeLogin.ERROR: Tentativa de Login:  [] []
[2018-10-13 17:05:58] TentativaDeLogin.ERROR: Tentativa de Login: Atv8athBXge7ZSkj2FEJXCO9fPNvVSruLAMGzlZk,frederykantunnes@gmail.com,qaz@1234A [] []
[2018-10-13 17:05:59] TentativaDeLogin.ERROR: Tentativa de Login:  [] []
[2018-10-13 17:06:05] TentativaDeLogin.ERROR: Tentativa de Login: Atv8athBXge7ZSkj2FEJXCO9fPNvVSruLAMGzlZk,frederykantunnes@gmail.com,qaz@1234 [] []
[2018-10-13 17:07:05] Login.WARNING: Login:  [] []
[2018-10-13 17:07:16] Login.WARNING: Login: hY65A2JK63Yi5Aezk2EEcZu55N8XlOq2fbtG3CoU,frederykantunnes@gmail.com,qaz@1234 [] []
[2018-10-14 10:20:34] Login.WARNING: Login:  [] []
[2018-10-14 10:20:39] Login.WARNING: Login: mmEZlJU8YEkQfnNNMn0yKfg8uBZ6Npy2CdB4sUC0,frederykantunnes@gmail.com,qaz@1234 [] []
[2018-10-14 11:14:58] Login.WARNING: Login:  [] []
[2018-10-14 11:15:02] Login.WARNING: Login: XZsvjN03H5jebH3wCxRazXF2Ed7HIJf64X02Oz8r,atd@atdsistemas.com.br,qaz@1234 [] []
[2018-10-15 02:01:41] Login.WARNING: Login:  [] []
[2018-10-15 02:01:47] Login.WARNING: Login: A7nnYMH9KnZA3NRRITC8jchnPWSzNW5lNz0Sohcf,frederykantunnes@gmail.com,qaz@1234 [] []
[2018-10-15 10:29:09] Login.WARNING: Login:  [] []
[2018-10-15 10:29:18] Login.WARNING: Login: DSTHmt6l0Zrlhk1CzSGj1c1HnVRYgdIidEw4Fnd5,frederykantunnes@gmail.com,qaz@1234 [] []
[2018-10-15 11:36:12] Login.WARNING: Login:  [] []
[2018-10-15 11:41:13] Login.WARNING: Login:  [] []
[2018-10-15 11:42:59] Login.WARNING: Login: 58VnC1zHJugQF0gXvb3lfDbLkjVIsCZyTNrLPEMA,frederykantunnes@gmail.com,qaz@1234 [] []
[2018-10-15 11:56:57] Login.WARNING: Login:  [] []
[2018-10-15 11:57:03] Login.WARNING: Login: gcN4X1ermtLc2YC7EQpj5qtVveSZnpJjT222q7Rw,frederykantunnes@gmail.com,qaz@1234 [] []
[2018-10-15 12:06:11] Login.WARNING: Login:  [] []
[2018-10-15 12:06:15] Login.WARNING: Login: zm4i0yJzthasNXhRUVRvzrJAs1DdKF7JIrIdYC1F,atd@atdsistemas.com.br,qaz@1234 [] []
[2018-10-15 12:07:36] Login.WARNING: Login:  [] []
[2018-10-15 12:07:40] Login.WARNING: Login: maJChN97ZhQmzm3jKU7c4LcnjCoOup44cfi8r8Yw,frederykantunnes@gmail.com,qaz@1234 [] []
[2018-10-15 12:07:54] Login.WARNING: Login:  [] []
[2018-10-15 17:31:35] Login.WARNING: Login:  [] []
[2018-10-15 17:31:42] Login.WARNING: Login: D2uFUnOndhgRBEaWIJLYdbTLe3SyPHd87ZYO038z,frederykantunnes@gmail.com,qaz@1234 [] []
[2018-10-15 21:27:47] Login.WARNING: Login:  [] []
[2018-10-15 21:27:54] Login.WARNING: Login: lyL0i46pn2h6Eh7jIhhbJce6iWblt5FmuPDVR3LP,frederykantunnes@gmail.com,qaz@1234 [] []
[2018-10-16 01:20:51] Login.WARNING: Login:  [] []
[2018-10-16 01:20:57] Login.WARNING: Login: tBC85dJQqXHVbz30Oo0LY8oP68yedxwbxoOv8nkB,frederykantunnes@gmail.com,qaz@1234 [] []
[2018-10-16 01:21:01] Login.WARNING: Login:  [] []
[2018-10-16 01:21:22] Login.WARNING: Login: hHhvfzc1AHw6KaV1qRDfCkt2CGaOZ0IkFbustY0j,atd@atdsistemas.com.br,qaz@1234 [] []
[2018-10-16 01:50:35] Login.WARNING: Login:  [] []
[2018-10-16 01:55:54] Login.WARNING: Login: MhHnBpM9XwMzTlBYTeQo8XdLivuTVgnN7SPVnhjs,frederykantunnes@gmail.com,qaz@1234 [] []
[2018-10-16 01:59:37] Login.WARNING: Login:  [] []
[2018-10-16 11:55:10] Login.WARNING: Login:  [] []
[2018-10-16 11:55:16] Login.WARNING: Login: DfiT6fbk6iBrJtg9XFJCXX3jYF78HDXqJxC9eQ86,frederykantunnes@gmail.com,qaz@1234 [] []
[2018-10-16 13:05:20] Login.WARNING: Login:  [] []
[2018-10-16 13:05:25] Login.WARNING: Login: VvgVb660TXxo4Zg9T3MxIqBm5WNbgmazrRD6uYtU,atd@atdsistemas.com.br,123456 [] []
[2018-10-16 13:05:26] Login.WARNING: Login:  [] []
[2018-10-16 13:05:33] Login.WARNING: Login: VvgVb660TXxo4Zg9T3MxIqBm5WNbgmazrRD6uYtU,atd@atdsistemas.com.br,qaz@1234 [] []
[2018-10-16 13:09:22] Login.WARNING: Login:  [] []
[2018-10-16 13:09:54] Login.WARNING: Login:  [] []
[2018-10-16 13:10:19] Login.WARNING: Login: 0bZn0viWpQMgXfpF6kBkiLWwOkt5yWNpgNvYRQx7,frederykantunnes@gmail.com,qaz@1234 [] []
[2018-10-16 13:19:40] Login.WARNING: Login:  [] []
[2018-10-16 13:19:56] Login.WARNING: Login: sCFEUpmmIlLiGpLztXodVTmZehSKixcNmPWuzZSj,frederykantunnes@gmail.com,qaz@1234 [] []
[2018-10-16 13:20:04] Login.WARNING: Login:  [] []
[2018-10-16 16:11:33] Login.WARNING: Login:  [] []
[2018-10-16 17:34:03] Login.WARNING: Login:  [] []
[2018-10-16 17:34:04] Login.WARNING: Login: K5RILSEtf59mP4PVAyXyrkrMCkbH7R3UjcpXWd0r,frederykantunnes@gmail.com,qaz@1234 [] []
[2018-10-16 17:34:14] Login.WARNING: Login:  [] []
[2018-10-16 17:34:18] Login.WARNING: Login: Q0bjTQpMwKb2mKJ6ArV3r4PdxYA0fFATaIt9OGod,frederykantunnes@gmail.com,qaz@1234 [] []
[2018-10-16 17:43:29] Login.WARNING: Login:  [] []
[2018-10-16 18:09:07] Login.WARNING: Login:  [] []
[2018-10-16 18:09:52] Login.WARNING: Login:  [] []
[2018-10-16 18:10:59] Login.WARNING: Login:  [] []
[2018-10-16 18:11:28] Login.WARNING: Login: fyWfEF87x9idj2cjUNFUvqks08y9Y9FQhWRP8F6a,frederykantunnes@gmail.com,qaz@1234 [] []
[2018-10-16 18:12:09] Login.WARNING: Login:  [] []
[2018-10-16 18:12:15] Login.WARNING: Login: 7MBJCffcX77n2irqdJXwZmTOgqxvTZvSf5UFgUZ8,frederykantunnes@gmail.com,qaz@1234 [] []
[2018-10-16 18:12:30] Login.WARNING: Login:  [] []
[2018-10-16 18:26:11] Login.WARNING: Login:  [] []
[2018-10-16 18:29:35] Login.WARNING: Login:  [] []
[2018-10-16 20:32:20] Login.WARNING: Login:  [] []
[2018-10-16 20:45:12] Login.WARNING: Login:  [] []
[2018-10-16 20:45:21] Login.WARNING: Login: iKcuMr2kZPZDqMHsPGimgPJvztdFfKjLqr3TpOkz,frederykantunnes@gmail.com,qaz@1234 [] []
[2018-10-16 20:47:26] Login.WARNING: Login:  [] []
[2018-10-16 20:47:30] Login.WARNING: Login: KNxMk3cNjZ1PtXY4dayG3FeLWw2m7JxKgCGq6LNs,frederykantunnes@gmail.com,qaz@1234 [] []
[2018-10-16 20:50:14] Login.WARNING: Login:  [] []
[2018-10-16 20:50:17] Login.WARNING: Login: MOZRSVB4Z5ZHPR3F8D0jjPihcjf5Lr8NUxOnnln4,frederykantunnes@gmail.com,qaz@1234 [] []
[2018-10-16 20:57:38] Login.WARNING: Login:  [] []
[2018-10-16 20:57:43] Login.WARNING: Login:  [] []
[2018-10-16 20:58:41] Login.WARNING: Login:  [] []
[2018-10-16 21:00:28] Login.WARNING: Login:  [] []
[2018-10-16 21:00:31] Login.WARNING: Login:  [] []
[2018-10-16 21:01:15] Login.WARNING: Login: 4bxW07EXtNKEG7S2uttktOsfgKBHhTaZDyUGypcJ,frederykantunnes@gmail.com,qaz@1234 [] []
[2018-10-16 21:04:12] Login.WARNING: Login:  [] []
[2018-10-16 21:04:42] Login.WARNING: Login:  [] []
[2018-10-16 21:06:42] Login.WARNING: Login:  [] []
[2018-10-16 21:07:20] Login.WARNING: Login: pToZdzB0sMQKyhbVUs70CpOhcLwjGQ8PKsWMFf2U,frederykantunnes@gmail.com,qaz@1234 [] []
[2018-10-16 21:07:51] Login.WARNING: Login:  [] []
[2018-10-16 21:08:04] Login.WARNING: Login: uxwE0WkyZjRWCwBGE1tcwOlGap1vsdk2E2VAehQE,frederykantunnes@gmail.com,qaz@1234 [] []
[2018-10-16 21:08:30] Login.WARNING: Login:  [] []
[2018-10-16 21:08:48] Login.WARNING: Login:  [] []
[2018-10-16 21:29:20] Login.WARNING: Login:  [] []
[2018-10-16 21:29:31] Login.WARNING: Login: J6rFBfc79a02wSOcucYf9W2JvCqpmdIrvu0y0VMZ,frederykantunnes@gmail.com,qaz@1234 [] []
[2018-10-17 01:05:14] Login.WARNING: Login:  [] []
[2018-10-17 10:27:48] Login.WARNING: Login:  [] []
[2018-10-17 11:57:39] Login.WARNING: Login:  [] []
[2018-10-17 11:57:43] Login.WARNING: Login: tOTvNspYhPFPeC4zivHL7d7JRBRxjNZovQ3HEK9a,frederykantunnes@gmail.com,qaz@1234 [] []
[2018-10-17 22:44:10] Login.WARNING: Login:  [] []
[2018-10-17 22:44:13] Login.WARNING: Login: oV34nTS5o6L2Y0qBh9Cd1lzfoOh572UBTiAAAKYc,frederykantunnes@gmail.com,qaz@1234 [] []
[2018-10-18 15:05:29] Login.WARNING: Login:  [] []
[2018-10-18 15:05:50] Login.WARNING: Login: 0r5nTXj12OZZZZ70sLz7cR8R1TXXYlAfsjR991XT,frederykantunnes@gmail.com,qaz@1234 [] []
[2018-10-18 16:37:40] Login.WARNING: Login:  [] []
[2018-10-18 16:39:33] Login.WARNING: Login:  [] []
[2018-10-18 16:39:49] Login.WARNING: Login: w4qlBqvBReoBo0ckIK9wSKml54RLU8NeI8lDvImX,atd@atdsistemas.com.br,qaz@1234 [] []
[2018-10-18 16:48:13] Login.WARNING: Login:  [] []
[2018-10-18 16:48:35] Login.WARNING: Login:  [] []
[2018-10-18 16:48:46] Login.WARNING: Login: SWAuPvNFPydnMa2okU9hgH51osHOlt0ZVbTnlG8J,stelamartes@hotmail.com,250776 [] []
[2018-10-18 16:51:40] Login.WARNING: Login:  [] []
[2018-10-18 16:52:18] Login.WARNING: Login:  [] []
[2018-10-18 17:40:33] Login.WARNING: Login:  [] []
[2018-10-18 17:40:37] Login.WARNING: Login: r6W9z8eXMaoRtD79JLkhBIeRCCJwrOxL0WqKtddm,frederykantunnes@gmail.com,qaz@1234 [] []
[2018-10-18 23:48:35] Login.WARNING: Login:  [] []
[2018-10-18 23:48:36] Login.WARNING: Login:  [] []
[2018-10-18 23:48:44] Login.WARNING: Login: v2FTnj28vBDY2lu0krb4MJIzd01jLCWbkim31wXN,atd@atdsistemas.com.br,qaz@1234 [] []
[2018-10-18 23:50:07] Login.WARNING: Login:  [] []
[2018-10-18 23:51:56] Login.WARNING: Login:  [] []
[2018-10-18 23:52:21] Login.WARNING: Login: lXzgPX2t3EZMrG4dwsjHQ8QJbo5heUiHsamrBw0n,frederykantunnes@gmail.com,qaz@1234 [] []
[2018-10-18 23:53:17] Login.WARNING: Login:  [] []
[2018-10-18 23:53:51] Login.WARNING: Login: 5994etsKqQLC8YtJ73gtDmaAgnCAKMJUyH7yQRq9,pcfmarques.bsi@gmail.com,M@rqu3s [] []
[2018-10-18 23:54:58] Login.WARNING: Login:  [] []
[2018-10-18 23:55:04] Login.WARNING: Login: wchRmfVBDEdjxRHfHslvYCXS7rFRPMA725sZQ7Mw,atd@atdsistemas.com.br,qaz@1234 [] []
[2018-10-19 00:27:08] Login.WARNING: Login:  [] []
[2018-10-19 10:15:12] Login.WARNING: Login:  [] []
[2018-10-19 10:15:28] Login.WARNING: Login: LJoriA8cOLY6FiZo4GznZgtTZur9QXQ6Wl9DVuxJ,frederykantunnes@gmail.com,qaz@1234 [] []
[2018-10-19 10:17:02] Login.WARNING: Login:  [] []
[2018-10-19 12:19:17] Login.WARNING: Login:  [] []
[2018-10-19 12:19:27] Login.WARNING: Login:  [] []
[2018-10-19 12:19:27] Login.WARNING: Login: 1mkbyXEJgSBOnrZZGp0o94AvxhUxpb3xc0APOphg,frederykantunnes@gmail.com,qaz@1234 [] []
[2018-10-19 12:19:36] Login.WARNING: Login:  [] []
[2018-10-19 14:10:00] Login.WARNING: Login:  [] []
[2018-10-19 14:10:03] Login.WARNING: Login: nYP1NaTZ9x36x05JLuMJCjFTelOyzpaI3jNqutdN,frederykantunnes@gmail.com,qaz@1234 [] []
[2018-10-19 22:39:45] Login.WARNING: Login:  [] []
[2018-10-19 22:39:45] Login.WARNING: Login:  [] []
[2018-10-19 22:39:48] Login.WARNING: Login: 7Jb1s0CrcvwiuzsE3QC5fDQrMWEGFRz6ZpmkHCkf,frederykantunnes@gmail.com,qaz@1234 [] []
[2018-10-19 23:06:17] Login.WARNING: Login:  [] []
[2018-10-23 12:57:12] Login.WARNING: Login:  [] []
[2018-10-23 12:57:12] Login.WARNING: Login:  [] []
[2018-10-23 12:57:18] Login.WARNING: Login: ENhC9mFHKIkRmFF1EB3OhlUjmZWA9EMtZqb0Japy,atd@atdsistemas.com.br,qaz@1234 [] []
[2018-10-23 12:58:54] Login.WARNING: Login:  [] []
[2018-10-23 13:08:05] Login.WARNING: Login: IUytEU4Mo2ViVCUGXYEUzP0AmehNN1keZ8Axggjc,frederykantunnes@gmail.com,qaz@1234 [] []
[2018-10-24 00:29:19] Login.WARNING: Login:  [] []
[2018-10-24 01:42:51] Login.WARNING: Login:  [] []
[2018-10-24 01:42:57] Login.WARNING: Login:  [] []
[2018-10-24 01:43:20] Login.WARNING: Login:  [] []
[2018-10-24 01:45:20] Login.WARNING: Login:  [] []
[2018-10-24 23:47:19] Login.WARNING: Login:  [] []
[2018-10-25 00:21:49] Login.WARNING: Login:  [] []
[2018-10-25 00:21:54] Login.WARNING: Login: 4qLTRIB6orDxz15YahOVDAhIHcfMcKIDi46FSnjn,frederykantunnes@gmail.com,qaz@1234 [] []
[2018-10-25 00:22:11] Login.WARNING: Login:  [] []
[2018-10-25 13:42:31] Login.WARNING: Login:  [] []
[2018-10-25 22:10:34] Login.WARNING: Login:  [] []
[2018-10-26 15:08:39] Login.WARNING: Login:  [] []
[2018-10-27 00:55:45] Login.WARNING: Login:  [] []
[2018-10-27 00:55:55] Login.WARNING: Login: e06lWpnVdbOh0lUUV1EaeWpVEwck3oTUxgHfbvR7,atd@gmail.com,qaz@1234 [] []
[2018-10-27 00:56:13] Login.WARNING: Login:  [] []
[2018-10-27 10:32:02] Login.WARNING: Login:  [] []
[2018-10-27 10:32:25] Login.WARNING: Login: eX3IGIbBVbOx8w3eLdtCMcKWhLsP8xlEyOMasD0K,stelamartes@hotmail.com,250776 [] []
[2018-10-27 12:46:41] Login.WARNING: Login:  [] []
[2018-10-27 12:46:56] Login.WARNING: Login: OIZNOfBHdphf99ZftJUnMxKKxQ1U6Vsn7aEumJ6A,atd@gmail.com,qaz@1234 [] []
[2018-10-27 12:47:47] Login.WARNING: Login:  [] []
[2018-10-27 14:19:42] Login.WARNING: Login:  [] []
[2018-10-27 14:20:01] Login.WARNING: Login: cmKz29O5gKDtbi5qWOpaXvUQBPHdov0WdzsICyPu,stelamartes@hotmail.com,250776 [] []
[2018-10-27 17:43:13] Login.WARNING: Login:  [] []
[2018-10-28 17:54:54] Login.WARNING: Login:  [] []
[2018-10-29 16:16:46] Login.WARNING: Login:  [] []
[2018-10-29 16:16:56] Login.WARNING: Login: DwyQRM1kbAhWRR2CJParIucMf3xYxkv81MUrMXFy,stelamartes@hotmail.com,25776 [] []
[2018-10-29 16:16:57] Login.WARNING: Login:  [] []
[2018-10-29 16:17:05] Login.WARNING: Login: DwyQRM1kbAhWRR2CJParIucMf3xYxkv81MUrMXFy,stelamartes@hotmail.com,250776 [] []
[2018-11-02 14:58:56] Login.WARNING: Login:  [] []
[2018-11-02 14:59:21] Login.WARNING: Login:  [] []
[2018-11-02 14:59:22] Login.WARNING: Login:  [] []
[2018-11-02 14:59:24] Login.WARNING: Login:  [] []
[2018-11-02 15:08:48] Login.WARNING: Login:  [] []
[2018-11-02 15:08:49] Login.WARNING: Login:  [] []
[2018-11-02 19:43:16] Login.WARNING: Login:  [] []
[2018-11-02 19:46:07] Login.WARNING: Login:  [] []
[2018-11-03 01:44:15] Login.WARNING: Login:  [] []
[2018-11-03 01:44:41] Login.WARNING: Login: w4ivuHXbgLsunYSQ0cXmZB5cescLgBHdOIRSuSqC,frederykantunnes@gmail.com,qaz@1234 [] []
[2018-11-03 01:45:45] Login.WARNING: Login:  [] []
[2018-11-03 02:48:04] Login.WARNING: Login:  [] []
[2018-11-03 14:20:40] Login.WARNING: Login:  [] []
[2018-11-08 01:53:39] Login.WARNING: Login:  [] []
[2018-11-12 03:01:24] Login.WARNING: Login:  [] []
[2018-11-14 13:39:27] Login.WARNING: Login:  [] []
[2018-11-14 13:39:48] Login.WARNING: Login: DfXjdOxt52KnUBqi1M3QDVpV9VAT61TjvzXjas8z,atd@atdsistemas.com.br,qaz@1234 [] []
[2018-11-14 13:40:24] Login.WARNING: Login:  [] []
[2018-11-14 13:40:43] Login.WARNING: Login: RyKLGdGewm3W5HDxjvq73wvNDmepEICu8G4mg4Nz,frederykantunnes@gmail.com,qaz@1234 [] []
[2018-11-14 14:01:49] Login.WARNING: Login:  [] []
[2018-11-20 03:12:31] Login.WARNING: Login:  [] []
[2018-11-20 03:12:36] Login.WARNING: Login: R0IQVMgyb0vrqv3LFdN5mTBzgqYKn7zM1p9BMpMH,frederykantunnes@gmail.com,qaz@1234 [] []
[2018-11-20 12:57:05] Login.WARNING: Login:  [] []
[2018-11-20 12:57:13] Login.WARNING: Login: p5HLm8yvZ9AhikDlBqqHEEvCAI7YAVibZwk44ZsH,frederykantunnes@gmail.com,qaz@1234 [] []
[2018-11-20 13:09:25] Login.WARNING: Login:  [] []
[2018-11-24 10:12:25] Login.WARNING: Login:  [] []
[2018-11-24 18:07:23] Login.WARNING: Login:  [] []
[2018-11-24 19:14:00] Login.WARNING: Login:  [] []
[2018-11-24 19:14:39] Login.WARNING: Login: 2AJfPO1NKnAzKl7U9RigiECSPKziSk10tFwuAhni,stelamartes@hotmail.com,250776 [] []
[2018-11-24 23:18:38] Login.WARNING: Login:  [] []
[2018-11-26 01:40:23] Login.WARNING: Login:  [] []
[2018-11-27 22:23:51] Login.WARNING: Login:  [] []
[2018-11-29 00:35:59] Login.WARNING: Login:  [] []
[2018-11-29 16:50:37] Login.WARNING: Login:  [] []
[2018-11-29 16:51:08] Login.WARNING: Login: of28ZUXcgSx3KR5SAGezCrxiRYg4YYc11mcN4RiG,stelamartes@hotmail.com,250776 [] []
[2018-11-29 16:58:00] Login.WARNING: Login:  [] []
[2018-11-29 16:58:11] Login.WARNING: Login:  [] []
[2018-11-29 16:58:56] Login.WARNING: Login: 54FB3PzwNnJz09cxak9Pgxx0eEqXDgbeqnPXLt50,stelamartes@hotmail.com,250776 [] []
[2018-11-29 17:22:37] Login.WARNING: Login:  [] []
[2018-11-29 17:23:24] Login.WARNING: Login: T7oaFDteEYpCc2SfRROrrIELZmJumbayTKPwMyxR,frederykantunnes@gmail.com,qaz@1234 [] []
[2018-11-29 17:36:58] Login.WARNING: Login:  [] []
[2018-11-29 17:37:40] Login.WARNING: Login: dXL9WugSKQcbHvzXcry9z4f97UpcDtMPXweXQMYH,stelamartes@hotmail.com,250776 [] []
[2018-11-29 17:39:08] Login.WARNING: Login:  [] []
[2018-11-29 17:39:54] Login.WARNING: Login:  [] []
[2018-11-29 17:40:15] Login.WARNING: Login: Sf4BCDGj71ygRg6MMiZqMYegfBfuDlg7nWrunvnp,stelamartes@hotmail.com,250776 [] []
[2018-11-29 17:41:21] Login.WARNING: Login:  [] []
[2018-12-03 09:38:17] Login.WARNING: Login:  [] []
[2018-12-03 09:38:30] Login.WARNING: Login: FTQxIAnAoON8pK5Yz4TH3TppaocgDqLz5zlbROR6,stelamartes@hotmail.com,250776 [] []
[2018-12-03 13:22:50] Login.WARNING: Login:  [] []
[2018-12-03 13:23:04] Login.WARNING: Login: waK5IpYor35wLWZqfAuovlSgSgvV47QwmYjvr1Ou,stelamartes@hotmail.com,250776 [] []
[2018-12-03 15:59:25] Login.WARNING: Login:  [] []
[2018-12-03 15:59:29] Login.WARNING: Login: ggXYTkogVfeR7QRM7VqZSHV7lPaJB0OyD5ihpXML,frederykantunnes@gmail.com,qaz@1234 [] []
[2018-12-03 18:24:18] Login.WARNING: Login:  [] []
[2018-12-03 18:24:26] Login.WARNING: Login:  [] []
[2018-12-03 18:24:30] Login.WARNING: Login:  [] []
[2018-12-03 18:24:39] Login.WARNING: Login: exiScplCSeViCrYFLpSPB4VMgEFPaSufeuLD2Im7,frederykantunnes@gmail.com,qaz@1234 [] []
[2018-12-03 18:28:51] Login.WARNING: Login:  [] []
[2018-12-03 18:31:03] Login.WARNING: Login: pO2t7CA9xC0k5jLZpUzEul7YKHaj1xEHy4W48Mt2,frederykantunnes@gmail.com,qaz@1234 [] []
[2018-12-03 19:03:01] Login.WARNING: Login:  [] []
[2018-12-03 19:03:09] Login.WARNING: Login: osNxoFLrFbweuUPxqUGfvu9gYik8mtSmCvXQqC4o,atd@atdsistemas.com.br,qaz@1234 [] []
[2018-12-03 19:49:54] Login.WARNING: Login:  [] []
[2018-12-04 00:12:38] Login.WARNING: Login:  [] []
[2018-12-04 00:53:02] Login.WARNING: Login:  [] []
[2018-12-04 08:51:04] Login.WARNING: Login:  [] []
[2018-12-04 08:51:23] Login.WARNING: Login: Oaz4JcPngKX4VxWr8UsaLCt0LPP5gzkttLx3VKzx,stelamartes@hotmail.com,250776 [] []
[2018-12-04 19:16:41] Login.WARNING: Login:  [] []
[2018-12-04 19:16:58] Login.WARNING: Login: GF8irxtt554aYqLis9ZNas6gua1ZQN7n6aaKcSNI,stelamartes@hotmail.com,250776 [] []
[2018-12-05 10:10:50] Login.WARNING: Login:  [] []
[2018-12-05 10:11:01] Login.WARNING: Login: eKQ3ORFEVUDMh3JjJTKHsOPgsRrl9tIBrswoGyaP,stelamartes@hotmail.com,250776 [] []
[2018-12-05 15:49:49] Login.WARNING: Login:  [] []
[2018-12-05 15:50:00] Login.WARNING: Login: tsmK8ofvGfysBJ7GyJV5L5NFQsG04M4SXvhd5HNo,stelamartes@hotmail.com,250776 [] []
[2018-12-06 14:19:19] Login.WARNING: Login:  [] []
[2018-12-06 14:19:33] Login.WARNING: Login: zbcbYysX5D5e9zBDsooXeMYAEmjtAPa5eXlfM8EQ,stelamartes@hotmail.com,250776 [] []
[2018-12-06 20:44:02] Login.WARNING: Login:  [] []
[2018-12-07 14:10:48] Login.WARNING: Login:  [] []
[2018-12-07 14:10:57] Login.WARNING: Login: f4KLCyNXJzXgr8HQxnWI6VkftHXQe7IT29MVq91p,stelamartes@hotmail.com,250776 [] []
[2018-12-08 04:11:51] Login.WARNING: Login:  [] []
[2018-12-08 04:12:02] Login.WARNING: Login: 5KUbDlMQPQf1ickzrVLyygYRAxC4NVyFocCgODmT,frederykantunnes@gmail.com,qaz@1234 [] []
[2018-12-08 11:05:59] Login.WARNING: Login:  [] []
[2018-12-08 11:06:06] Login.WARNING: Login: wsI6mBk1ltTYY1nI9gQd8LNEPQbuYQtv7JkhBBUR,stelamartes@hotmail.com,250776 [] []
[2018-12-08 19:30:43] Login.WARNING: Login:  [] []
[2018-12-09 21:26:52] Login.WARNING: Login:  [] []
[2018-12-09 21:26:53] Login.WARNING: Login:  [] []
[2018-12-09 21:27:09] Login.WARNING: Login: PMa5OiJUIP6D0Q4zxslaXpEDl31rBZZd6GR9tnpt,fred@gmail.com,qaz@1234 [] []
[2018-12-09 21:27:11] Login.WARNING: Login:  [] []
[2018-12-09 21:27:23] Login.WARNING: Login: PMa5OiJUIP6D0Q4zxslaXpEDl31rBZZd6GR9tnpt,frederykantunnes@gmail.com,qaz@1234 [] []
[2018-12-09 21:29:35] Login.WARNING: Login:  [] []
[2018-12-10 02:21:19] Login.WARNING: Login:  [] []
[2018-12-10 09:37:50] Login.WARNING: Login:  [] []
[2018-12-10 09:38:00] Login.WARNING: Login: nUTV9sM95EIlSspU1DgfsvGL8izKpXxn1ywrOCc5,stelamartes@hotmail.com,250776 [] []
[2018-12-10 16:56:32] Login.WARNING: Login:  [] []
[2018-12-10 16:56:41] Login.WARNING: Login: wa0LEWIDgCmBYkUtd7BDfD9chVvSqcZ1dfoNa0JE,stelamartes@hotmail.com,250776 [] []
[2018-12-11 11:00:14] Login.WARNING: Login:  [] []
[2018-12-11 11:02:11] Login.WARNING: Login: zW6wh4xMRAX5XAhfDyOTAFJcBG8ra4kkVM0vCNOG,stelamartes@hotmail.com,250776 [] []
[2018-12-11 12:07:25] Login.WARNING: Login:  [] []
[2018-12-11 12:07:48] Login.WARNING: Login: TyiDEvMcduGGGuDCboA3F4Xe7L9Y8H0pKZ2poYhX,frederykantunnes@gmail.com,qaz@1234 [] []
[2018-12-11 12:09:09] Login.WARNING: Login:  [] []
[2018-12-11 13:16:21] Login.WARNING: Login:  [] []
[2018-12-11 13:27:26] Login.WARNING: Login:  [] []
[2018-12-11 13:27:30] Login.WARNING: Login: aNDmLkG97gomJYGPif37zASnZYn4UJibSkgnJF7K,atd@atdsistemas.com.br,qaz@1234 [] []
[2018-12-11 13:27:50] Login.WARNING: Login:  [] []
[2018-12-11 13:27:58] Login.WARNING: Login: i9SOfTcCZbhyIVE8W3B38InsrKS3IXURNaZdsdTN,fred@gmail.com,123456 [] []
[2018-12-11 13:34:16] Login.WARNING: Login:  [] []
[2018-12-11 14:27:19] Login.WARNING: Login:  [] []
[2018-12-11 18:34:47] Login.WARNING: Login:  [] []
[2018-12-11 18:35:07] Login.WARNING: Login: YtC4wKI0oTjmGtAFWP5UfUaSb0DWJBm6j2Oinarq,stelamartes@hotmail.com,250776 [] []
[2018-12-12 17:26:37] Login.WARNING: Login:  [] []
[2018-12-12 17:26:45] Login.WARNING: Login: KbALCLUmmxtrajaOJ4hXyqo3Hdt4kMSKnk7E3tSz,stelamartes@hotmail.com,250776 [] []
[2018-12-13 12:15:56] Login.WARNING: Login:  [] []
[2018-12-13 12:16:10] Login.WARNING: Login: yhcnDvXx4D4a9TG5sVGtY2JP25j3p3JvESrl4cHK,stelamartes@hotmail.com,250776 [] []
[2018-12-14 11:22:14] Login.WARNING: Login:  [] []
[2018-12-14 11:22:24] Login.WARNING: Login: AbwIelUtamqkvaEvRZw1Rnkyb5JCJx4KqsZAQUtw,stelamartes@hotmail.com,250776 [] []
[2018-12-14 16:12:59] Login.WARNING: Login:  [] []
[2018-12-14 16:13:11] Login.WARNING: Login: BAq82L5euarrJRyJswl0GF9uKEfxI0NkzVA6p2Jl,stelamartes@hotmail.com,250776 [] []
[2018-12-14 20:37:36] Login.WARNING: Login:  [] []
[2018-12-15 00:47:58] Login.WARNING: Login:  [] []
[2018-12-15 00:48:10] Login.WARNING: Login: zdEOsOm9TzpJlRlHczR8TKa40XYlb6Qnffx5ZJGm,fred@gmail.com,123456 [] []
[2018-12-15 00:48:29] Login.WARNING: Login:  [] []
[2018-12-15 00:48:33] Login.WARNING: Login: twK8DZz5xacdBAgCC3LtjUajFMUq7XLftG42fegQ,frederykantunnes@gmail.com,qaz@1234 [] []
[2018-12-15 14:12:01] Login.WARNING: Login:  [] []
[2018-12-15 14:12:10] Login.WARNING: Login: WoO5pnQOrvJga2BQKVd3LhaZKEREeaW5xaRVwiJI,stelamartes@hotmail.com,250776 [] []
[2018-12-17 12:57:53] Login.WARNING: Login:  [] []
[2018-12-17 12:58:01] Login.WARNING: Login: yQEoIbIpvoOLhgnYCqwtWS6duszD9rM1uXTXQ9mR,stelamartes@hotmail.com,250776 [] []
[2018-12-17 18:10:15] Login.WARNING: Login:  [] []
[2018-12-17 18:10:24] Login.WARNING: Login: z3HD6DgWHsomoW06s5dgX1Bx45307nPR0TbeIQY4,stelamartes@hotmail.com,250776 [] []
[2018-12-17 18:30:37] Login.WARNING: Login:  [] []
[2018-12-17 18:30:41] Login.WARNING: Login: mxNuU7Of6MvzWh4kn8Q1xqgDiRoZbHOaUcrdh2yg,frederykantunnes@gmail.com,qaz@1234 [] []
[2018-12-17 18:31:07] Login.WARNING: Login:  [] []
[2018-12-17 18:31:16] Login.WARNING: Login: wtIKdqOJKYJShaHudbGiKesPju057jRZlqgfXrgh,fred@gmail.com,123456 [] []
[2018-12-17 18:32:24] Login.WARNING: Login:  [] []
[2018-12-18 12:09:52] Login.WARNING: Login:  [] []
[2018-12-18 12:10:03] Login.WARNING: Login: R7LZXMgdLn9QNe2l5kfgsT3Pl0ItAnH0bREtrbXv,stelamartes@hotmail.com,250776 [] []
[2018-12-19 14:22:35] Login.WARNING: Login:  [] []
[2018-12-19 14:36:23] Login.WARNING: Login: SvKuJkwDqKPyOo7k5e4dTPD0nxKkuolI9IX1zRay,stelamartes@hotmail.com,250776 [] []
[2018-12-19 19:12:10] Login.WARNING: Login:  [] []
[2018-12-19 19:12:18] Login.WARNING: Login:  [] []
[2018-12-20 12:19:31] Login.WARNING: Login:  [] []
[2018-12-20 12:19:39] Login.WARNING: Login: 8mboo2ujRa5A7LysgJLWqfBwmigmwyzDkm5XAcpt,stelamartes@hotmail.com,250776 [] []
[2018-12-21 12:16:23] Login.WARNING: Login:  [] []
[2018-12-21 12:16:34] Login.WARNING: Login: zF2o80Eo3H1698RByn7wkqZrOhOj0Zf3WWF8rToK,stelamartes@hotmail.com,250776 [] []
[2018-12-21 18:02:52] Login.WARNING: Login:  [] []
[2018-12-21 18:04:04] Login.WARNING: Login: Pdrrh3peET41KUFZsf9J4qweDAT5WPsH6JxaAl14,stelamartes@hotmail.com,250776 [] []
[2018-12-22 14:00:10] Login.WARNING: Login:  [] []
[2018-12-22 14:00:18] Login.WARNING: Login: iHT55M0WwDILDDM8S04zDkx6RW2Ynwu0NUb5n6yH,stelamartes@hotmail.com,250776 [] []
[2018-12-24 10:53:40] Login.WARNING: Login:  [] []
[2018-12-24 10:53:51] Login.WARNING: Login: wKPbIqNXcdHH3eIJ9kNTH410BNCawjkOUVtokv3g,stelamartes@hotmail.com,250776 [] []
[2018-12-26 10:20:10] Login.WARNING: Login:  [] []
[2018-12-26 10:20:29] Login.WARNING: Login: kxtM39dFHdZlTSje2iIPda1zJJQjGZBz0xWOX9Bv,stelamartes@hotmail.com,250776 [] []
[2018-12-27 09:15:29] Login.WARNING: Login:  [] []
[2018-12-27 09:15:41] Login.WARNING: Login: gDRMDQGwQWLDeonrjIGAI3eHuPapdWQoexyKsFCL,stelamartes@hotmail.com,250776 [] []
[2018-12-27 11:02:37] Login.WARNING: Login:  [] []
[2018-12-27 11:02:46] Login.WARNING: Login: 5pscVePtaS8YeJVI1opoFBwBSiXxIpLMyr99M3Ca,fred@gmail.com,123456 [] []
[2018-12-27 11:03:49] Login.WARNING: Login:  [] []
[2018-12-27 11:44:30] Login.WARNING: Login:  [] []
[2018-12-27 11:44:39] Login.WARNING: Login: EFeuOE5ggm6YtoAHOxj9xcuMWr3jZFRaLsPVaIWN,stelamartes@hotmail.com,250776 [] []
[2018-12-28 17:02:47] Login.WARNING: Login:  [] []
[2018-12-28 17:03:05] Login.WARNING: Login: ImoO7XV8zT0xhxm0xliOFI4KqiVTPYRTkOiGyI6F,stelamartes@hotmail.com,250776 [] []
[2018-12-29 12:37:23] Login.WARNING: Login:  [] []
[2018-12-29 12:37:30] Login.WARNING: Login: Vw8qLza6qhd2MsH10KPxm0fUzLpnBLBPbLMEOEkU,stelamartes@hotmail.com,250776 [] []
[2018-12-29 18:14:53] Login.WARNING: Login:  [] []
[2018-12-29 18:15:04] Login.WARNING: Login: ppsbDojio2Yu83sKkPWHbls3sQvvWcbdx6vI1nWC,stelamartes@hotmail.com,250776 [] []
[2018-12-31 12:28:28] Login.WARNING: Login:  [] []
[2018-12-31 12:28:43] Login.WARNING: Login: NA7bkcp4YEuDnR5KJpQDHaPGZmPEVD0FAW3nNcGq,stelamartes@hotmail.com,250776 [] []
[2019-01-02 15:21:32] Login.WARNING: Login:  [] []
[2019-01-02 15:21:46] Login.WARNING: Login: jXkn9iovqkRpI9BJurkUwd0jPHgSWwSY21K000N2,stelamartes@hotmail.com,250776 [] []
[2019-01-04 01:57:26] Login.WARNING: Login:  [] []
[2019-01-04 01:57:27] Login.WARNING: Login:  [] []
[2019-01-04 01:57:39] Login.WARNING: Login: o1wJZr81pRcWckLLSACHpNPWokbZ8x3NltbKdszL,fred@gmail.com,123456 [] []
[2019-01-04 02:15:33] Login.WARNING: Login:  [] []
[2019-01-04 15:56:40] Login.WARNING: Login:  [] []
[2019-01-04 15:56:47] Login.WARNING: Login: 330Zr89D8O5F8HmzUsEFXvppNxXZUwwpAVelcZXp,stelamartes@hotmail.com,250776 [] []
[2019-01-05 10:42:13] Login.WARNING: Login:  [] []
[2019-01-05 10:42:20] Login.WARNING: Login: OopzqE9fVBSYlHNWloZIdYkPqmLG2Or6rWZ3Gh4u,stelamartes@hotmail.com,250776 [] []
[2019-01-05 15:06:41] Login.WARNING: Login:  [] []
[2019-01-05 15:06:50] Login.WARNING: Login: 4PUWbE75EV7AJjVE7CYth3GrsqWVn6TMLTGxFSzr,stelamartes@hotmail.com,250776 [] []
[2019-01-07 16:20:54] Login.WARNING: Login:  [] []
[2019-01-07 16:21:03] Login.WARNING: Login: JIaGvUjXoeHrDdUCryEcJftddkgujqOnhuxSPGI8,stelamartes@hotmail.com,250776 [] []
[2019-01-09 09:23:14] Login.WARNING: Login:  [] []
[2019-01-09 09:23:22] Login.WARNING: Login: BxavnPNufhWoVwipFvIYU0ekf4Qk6TwAOapMesGV,stelamartes@hotmail.com,250776 [] []
[2019-01-09 22:31:02] Login.WARNING: Login:  [] []
[2019-01-09 22:31:10] Login.WARNING: Login: 4JwsEXDsPUdBYH8MtiiHkCGBo5njqNMWc3MYp9bP,fred@gmail.com,123456 [] []
[2019-01-09 22:32:47] Login.WARNING: Login:  [] []
[2019-01-09 22:37:24] Login.WARNING: Login: AbC0rQI67qH834Yxp8lTExdRd4ODi6j6cQaXurb8,atd@atdsistemas.com.br,qaz@1234 [] []
[2019-01-09 22:37:55] Login.WARNING: Login:  [] []
[2019-01-09 23:02:45] Login.WARNING: Login:  [] []
[2019-01-09 23:06:06] Login.WARNING: Login:  [] []
[2019-01-09 23:06:39] Login.WARNING: Login:  [] []
[2019-01-09 23:28:41] Login.WARNING: Login:  [] []
[2019-01-09 23:28:49] Login.WARNING: Login:  [] []
[2019-01-09 23:28:55] Login.WARNING: Login:  [] []
[2019-01-09 23:36:15] Login.WARNING: Login:  [] []
[2019-01-09 23:36:24] Login.WARNING: Login:  [] []
[2019-01-09 23:36:43] Login.WARNING: Login: GeDv0XFM2xRqBBl5JAc4xnRlbetzJQxkT2CS0e1r,frederykantunnes@gmail.com,qaz@1234 [] []
[2019-01-10 00:29:24] Login.WARNING: Login:  [] []
[2019-01-10 00:29:57] Login.WARNING: Login:  [] []
[2019-01-10 00:31:07] Login.WARNING: Login:  [] []
[2019-01-10 00:32:38] Login.WARNING: Login:  [] []
[2019-01-10 00:58:00] Login.WARNING: Login:  [] []
[2019-01-10 01:03:37] Login.WARNING: Login:  [] []
[2019-01-10 01:04:13] Login.WARNING: Login: TLoAMXXU3kMQAwNsYr9qsQ7xjItsSVa4FE6CuUP4,fred@gmail.com,123456 [] []
[2019-01-10 01:04:47] Login.WARNING: Login:  [] []
[2019-01-10 10:15:50] Login.WARNING: Login:  [] []
[2019-01-10 10:35:22] Login.WARNING: Login:  [] []
[2019-01-10 10:52:23] Login.WARNING: Login: HsLtmuoMzdYyOfC6p4AIG6xPiYH259vznbl4jKRb,fred@gmail.com,qaz@1234 [] []
[2019-01-10 10:52:24] Login.WARNING: Login:  [] []
[2019-01-10 10:52:28] Login.WARNING: Login: HsLtmuoMzdYyOfC6p4AIG6xPiYH259vznbl4jKRb,fred@gmail.com,123456 [] []
[2019-01-10 10:57:07] Login.WARNING: Login:  [] []
[2019-01-10 11:55:01] Login.WARNING: Login:  [] []
[2019-01-10 11:56:48] Login.WARNING: Login:  [] []
[2019-01-10 11:57:25] Login.WARNING: Login:  [] []
[2019-01-10 11:57:30] Login.WARNING: Login: m8JuwaziAGIWzppOnsxLoP5nT1IqoasDLnge9Hkp,atd@atdsistemas.com.br,qaz@1234 [] []
[2019-01-10 11:57:40] Login.WARNING: Login:  [] []
[2019-01-10 12:07:02] Login.WARNING: Login:  [] []
[2019-01-10 12:07:10] Login.WARNING: Login: 0sz2fT4d0LFfA8nOqBzKGS8o7gM0keCkeMX0wiIt,stelamartes@hotmail.com,250776 [] []
[2019-01-10 12:41:31] Login.WARNING: Login:  [] []
[2019-01-10 17:15:24] Login.WARNING: Login:  [] []
[2019-01-10 17:15:41] Login.WARNING: Login: hjdZVNjT2SDKuC7hzHKKPc9Fo5HRelwHPQZb1I6a,stelamartes@hotmail.com,250776 [] []
[2019-01-10 18:18:31] Login.WARNING: Login:  [] []
[2019-01-10 18:18:35] Login.WARNING: Login: EKOIipeQup25qLaIwtbZyJk4NPoQfnlMVG1swOnP,atd@atdsistemas.com.br,qaz@1234 [] []
[2019-01-10 18:30:44] Login.WARNING: Login:  [] []
[2019-01-10 18:30:46] Login.WARNING: Login: 6GVQBhBgdvmOtfdcPt90W06eVo8Ix7ZXdaR07PfX,atd@atdsistemas.com.br,qaz@1234 [] []
[2019-01-10 18:52:57] Login.WARNING: Login:  [] []
[2019-01-10 18:53:11] Login.WARNING: Login: 3K4eJzmSOQN0owrremvyg5wrR8XJttaCiKEFdaBO,atd@atdsistemas.com.br,qaz@1234 [] []
[2019-01-10 19:01:56] Login.WARNING: Login:  [] []
[2019-01-10 19:02:00] Login.WARNING: Login: iY9PPSJPoInqE481UF8xbkflfbDujxSO177OfAHh,atd@atdsistemas.com.br,qaz@1234 [] []
[2019-01-10 19:02:04] Login.WARNING: Login:  [] []
[2019-01-10 19:03:24] Login.WARNING: Login: Ao39yUrxZCXSJdJsborQzWK2dxvE7wujgcx7M0sp,atd@atdsistemas.com.br,qaz@1234 [] []
[2019-01-10 19:03:41] Login.WARNING: Login:  [] []
[2019-01-10 19:03:45] Login.WARNING: Login: 9SMD23kP3Z9voLqtpFmap0hF8x4GMptRgFJeVikS,frederykantunnes@gmail.com,qaz@1234 [] []
[2019-01-10 19:04:01] Login.WARNING: Login:  [] []
[2019-01-10 19:04:20] Login.WARNING: Login: 5ZXtNx8ajJEHQ702o2RCxn2pBjOdqSUsFDguUz5V,frederykantunnes@gmail.com,qaz@1234 [] []
[2019-01-10 19:09:14] Login.WARNING: Login:  [] []
[2019-01-10 19:11:07] Login.WARNING: Login:  [] []
[2019-01-10 19:11:12] Login.WARNING: Login: qeA2oIKxrDqsbYpSqmcuj1bc6hvjPmR4qWTD6UVr,frederykantunnes@gmail.com,qaz@1234 [] []
[2019-01-10 19:15:37] Login.WARNING: Login: QlzDduMRMHyAb0D6qbJYoOj4OQpG0iEpDN19w45W,frederykantunnes@gmail.com,qaz@1234 [] []
[2019-01-10 19:22:35] Login.WARNING: Login:  [] []
[2019-01-10 19:22:38] Login.WARNING: Login: 39sXfMIa48VP7nbOmGRAZZk7MmKnECmyN97Np7Mk,frederykantunnes@gmail.com,qaz@1234 [] []
[2019-01-10 19:22:59] Login.WARNING: Login:  [] []
[2019-01-10 19:23:07] Login.WARNING: Login: Z6GsRI0YZrQ3cDGiRQzMX5cTOQv8zUEl5xYQ9p1e,atd@atdsistemas.com.br,qaz@1234 [] []
[2019-01-10 19:27:16] Login.WARNING: Login:  [] []
[2019-01-10 19:27:23] Login.WARNING: Login: XCxuQ5dDxg3p5PjC8kdW0kom4Oqx5z0qLROT0Omc,atd@atdsistemas.com.br,qaz@1234 [] []
[2019-01-10 19:27:43] Login.WARNING: Login:  [] []
[2019-01-11 10:29:06] Login.WARNING: Login:  [] []
[2019-01-11 11:38:47] Login.WARNING: Login:  [] []
[2019-01-11 11:38:55] Login.WARNING: Login: wJTCxietg1j8KwuKDTNekq7PNEEjU9d1fpYBRwFs,stelamartes@hotmail.com,250776 [] []
[2019-01-11 11:39:07] Login.WARNING: Login:  [] []
[2019-01-11 11:40:30] Login.WARNING: Login: ReEfERer05MZYgEeYpHxAFFZ8uRanMEwDznMLoZk,stelamartes@hotmail.com,250776 [] []
[2019-01-11 14:40:42] Login.WARNING: Login:  [] []
[2019-01-11 14:40:43] Login.WARNING: Login:  [] []
[2019-01-11 14:41:23] Login.WARNING: Login: AfBomh67Uka95Ho6JeJPZdtSMSBODDCyvBLOxLT4,atd@atdsistemas.com.br,qaz@1234 [] []
[2019-01-11 16:21:45] Login.WARNING: Login:  [] []
[2019-01-11 16:21:49] Login.WARNING: Login: xkE8kDqn5Icb2oBClvO5QaplHykPKntMotqnyil7,frederykantunnes@gmail.com,qaz@1234 [] []
[2019-01-11 16:25:50] Login.WARNING: Login:  [] []
[2019-01-11 16:28:57] Login.WARNING: Login: cmT28S8LoYXgz3JDm3WVFLapxF0tXC6MRo4o2cEC,frederykantunnes@gmail.com,qaz@1234 [] []
[2019-01-11 16:57:27] Login.WARNING: Login:  [] []
[2019-01-11 16:57:31] Login.WARNING: Login: XhUr6OoV9Izb2lWDWBdM8PglB5HOceGh50XaRJ8Q,atd@atdsistemas.com.br,qaz@1234 [] []
[2019-01-11 16:59:37] Login.WARNING: Login:  [] []
[2019-01-11 17:00:37] Login.WARNING: Login:  [] []
[2019-01-11 17:00:48] Login.WARNING: Login: nDXBfV28L0COUnHibA4qlP4eo6taISYIlS2T5jou,frederykantunnes@gmail.com,qaz@1234 [] []
[2019-01-11 17:40:32] Login.WARNING: Login: qlV71cPajlEF5MhJjnSQr6CLaTZ5MWifUr1ps0Qz,frederykantunnes@gmail.com,qaz@1234 [] []
[2019-01-11 17:42:07] Login.WARNING: Login:  [] []
[2019-01-11 17:42:14] Login.WARNING: Login: avNRVAypbhkWRkBVBZVOhmIJA0pskdziLHbdHCMN,fred@gmail.com,123456 [] []
[2019-01-11 18:15:04] Login.WARNING: Login:  [] []
[2019-01-11 18:15:19] Login.WARNING: Login: EHrYdkQsUSEkRzEtRtoZyVXQV7z6ibzCu3xNjkpY,stelamartes@hotmail.com,250776 [] []
[2019-01-11 20:21:14] Login.WARNING: Login:  [] []
[2019-01-11 20:21:19] Login.WARNING: Login: zjZSIKzcxAsh5eGaXWn1Y18HYkVmTsGicEtMnZ39,atd@atdsistemas.com.br,qaz@1234 [] []
[2019-01-11 20:21:21] Login.WARNING: Login:  [] []
[2019-01-11 20:21:29] Login.WARNING: Login: 6YMFP79CAZdw4kGkUEOu5FCQQ7EwVFwENWyQ0cvl,atd@atdsistemas.com.br,qaz@1234 [] []
[2019-01-11 20:22:27] Login.WARNING: Login:  [] []
[2019-01-11 20:22:33] Login.WARNING: Login: 8NSdxPkrV8hPftkrAmBk6HyXlOcWAYySgzRnsTaa,frederykantunnes@gmail.com,qaz@1234 [] []
[2019-01-11 20:23:34] Login.WARNING: Login:  [] []
[2019-01-11 23:47:07] Login.WARNING: Login:  [] []
[2019-01-11 23:47:11] Login.WARNING: Login: KB85ZfIiWT6fYLI2xwxwm3M0hCrZA9tqAIqSmr3D,frederykantunnes@gmail.com,qaz@1234 [] []
[2019-01-12 01:30:58] Login.WARNING: Login:  [] []
[2019-01-12 01:31:05] Login.WARNING: Login:  [] []
[2019-01-12 01:31:49] Login.WARNING: Login:  [] []
[2019-01-12 01:31:52] Login.WARNING: Login:  [] []
[2019-01-12 01:31:53] Login.WARNING: Login:  [] []
[2019-01-12 01:32:44] Login.WARNING: Login:  [] []
[2019-01-12 01:48:31] Login.WARNING: Login:  [] []
[2019-01-12 01:48:34] Login.WARNING: Login: uviKKPXOexy1BKzccpHDe8a4JQHGmUkadLog1c6l,frederykantunnes@gmail.com,qaz@1234 [] []
[2019-01-12 01:50:22] Login.WARNING: Login:  [] []
[2019-01-12 12:40:04] Login.WARNING: Login:  [] []
[2019-01-12 12:40:12] Login.WARNING: Login: 45A6T3KVfzRyRqpKAPrfx7BLSPfwi9BTyqMvBkz7,stelamartes@hotmail.com,250776 [] []
[2019-01-12 14:25:23] Login.WARNING: Login:  [] []
[2019-01-12 14:25:31] Login.WARNING: Login: K0arWXM2be9d5omwZQx2aWtT3VpxXB2FeALDcNKW,atd@atdsistemas.com.br,qaz@1234 [] []
[2019-01-12 15:15:44] Login.WARNING: Login:  [] []
[2019-01-13 17:26:24] Login.WARNING: Login:  [] []
[2019-01-14 00:28:08] Login.WARNING: Login:  [] []
[2019-01-14 00:28:14] Login.WARNING: Login: OIae1ZnibznGaY6mCq1dETMuIt2z0gd2xaLC5q8l,atd@atdsistemas.com.br,qaz@1234 [] []
[2019-01-14 00:28:21] Login.WARNING: Login:  [] []
[2019-01-14 00:28:29] Login.WARNING: Login: uP7DSXGRp65NOlhTGLruWVwxJtzITbUSSJQPE2Ln,frederykantunnes@gmail.com,qaz@1234 [] []
[2019-01-14 15:12:47] Login.WARNING: Login:  [] []
[2019-01-14 15:12:54] Login.WARNING: Login: sSRgr2jjqkT0gQo0Lu6CPrtX12xXalHJHCCTJILw,stelamartes@hotmail.com,250776 [] []
[2019-01-14 17:56:22] Login.WARNING: Login:  [] []
[2019-01-14 17:56:24] Login.WARNING: Login: GFUgyx5AOabG91ms7oHuwn8SpWZrmbOViLma6DHd,frederykantunnes@gmail.com,qaz@1234 [] []
[2019-01-14 18:53:17] Login.WARNING: Login:  [] []
[2019-01-15 11:05:58] Login.WARNING: Login:  [] []
[2019-01-15 14:08:12] Login.WARNING: Login:  [] []
[2019-01-15 14:08:24] Login.WARNING: Login: DjkIwV0Bm8YMuAN99p3tzZzyTlcDpPnb6YjbOCIT,fred@gmail.com,123456 [] []
[2019-01-15 14:09:04] Login.WARNING: Login:  [] []
[2019-01-15 17:16:02] Login.WARNING: Login:  [] []
[2019-01-15 17:16:11] Login.WARNING: Login: y4MSpgAtn21ltcQ74cmxgozhIHuM6FsMSjfS8hlX,stelamartes@hotmail.com,250776 [] []
[2019-01-17 09:46:54] Login.WARNING: Login:  [] []
[2019-01-17 09:47:04] Login.WARNING: Login: mCDylAs7eH9qgdIrSpKviK3NnHda8wGohttN52kK,stelamartes@hotmail.com,250776 [] []
[2019-01-18 10:53:07] Login.WARNING: Login:  [] []
[2019-01-18 10:53:16] Login.WARNING: Login: bFv4Bwy3gbwbdFTDtTKnFBIjdJvRnwl04yOLeP6T,stelamartes@hotmail.com,250776 [] []
[2019-01-18 16:52:06] Login.WARNING: Login:  [] []
[2019-01-18 16:52:26] Login.WARNING: Login: yq23rcK6ak3PsJ0TXht2I9kVmaI3xrVsajhxtGIU,stelamartes@hotmail.com,250776 [] []
[2019-01-19 10:27:18] Login.WARNING: Login:  [] []
[2019-01-19 10:27:31] Login.WARNING: Login: MH79rTmmCdKfzvsaEyUJGT7SJAEIKaAFU8xFwxzG,stelamartes@hotmail.com,250776 [] []
[2019-01-20 18:57:17] Login.WARNING: Login:  [] []
[2019-01-21 10:11:56] Login.WARNING: Login:  [] []
[2019-01-21 10:12:04] Login.WARNING: Login: lZRK2VqzPmWFDuVTp5egpAJQmP0v0HDgvtMhQEeT,stelamartes@hotmail.com,250776 [] []
[2019-01-21 13:48:20] Login.WARNING: Login:  [] []
[2019-01-21 13:53:28] Login.WARNING: Login: 4QfwaXpkqNjjLECIQ00gkFmrFmAlriholsdLtaqJ,stelamartes@hotmail.com,250776 [] []
[2019-01-21 16:52:18] Login.WARNING: Login:  [] []
[2019-01-21 16:52:27] Login.WARNING: Login: x3Btf7RM7TRsYQ1sYCixg9cF9Zne0uT3Y6Xxnbjp,stelamartes@hotmail.com,250776 [] []
[2019-01-22 12:04:45] Login.WARNING: Login:  [] []
[2019-01-22 12:04:52] Login.WARNING: Login: nT2i5VMbHIiX2cEOM5SZDsD6VVknoMutrv3oRn9u,stelamartes@hotmail.com,250776 [] []
[2019-01-22 16:04:46] Login.WARNING: Login:  [] []
[2019-01-22 16:04:53] Login.WARNING: Login: iBmT4aceoRP15R6ih1dz0rh3dTDHWCJJ7RF6LeLo,stelamartes@hotmail.com,250776 [] []
[2019-01-24 12:22:14] Login.WARNING: Login:  [] []
[2019-01-24 12:22:21] Login.WARNING: Login: DIY7lXpTGGIyIZisVzccqnoTUa5LORzghnsEIflr,stelamartes@hotmail.com,250776 [] []
[2019-01-24 15:20:48] Login.WARNING: Login:  [] []
[2019-01-24 17:08:47] Login.WARNING: Login:  [] []
[2019-01-24 18:34:36] Login.WARNING: Login:  [] []
[2019-01-24 18:34:44] Login.WARNING: Login: ySyYxAthlmhigdGSDNZNE8RKGdtDN9mFRhS25cst,stelamartes@hotmail.com,250776 [] []
[2019-01-24 19:47:38] Login.WARNING: Login:  [] []
[2019-01-24 19:47:43] Login.WARNING: Login: lxvsdroYM1TuQ3YTKJC7jJrSrxoyePgNhM0to0yr,frederykantunnes@gmail.com,qaz@1234 [] []
[2019-01-24 19:47:51] Login.WARNING: Login:  [] []
[2019-01-26 09:43:20] Login.WARNING: Login:  [] []
[2019-01-26 09:43:37] Login.WARNING: Login: vPfp5AEI8xQ03keyC19TVMUTztxqVCHsfvLPYmdB,stelamartes@hotmail.com,250776 [] []
[2019-01-29 17:37:45] Login.WARNING: Login:  [] []
[2019-01-29 17:38:05] Login.WARNING: Login: nlAWedlFejaOZXBOmhm5f378jW8ga8XK9dcWwlDM,frederykantunnes@gmail.com,qaz@1234 [] []
[2019-01-29 17:38:21] Login.WARNING: Login:  [] []
[2019-01-29 17:38:36] Login.WARNING: Login: e1Pmap2BFfxB6vsJJZucCxYfEmHKsUmx6uX81PNS,atd@atdsistemas.com.br,qaz@1234 [] []
[2019-01-29 17:39:07] Login.WARNING: Login:  [] []
[2019-01-29 17:39:09] Login.WARNING: Login: 7mrKK9NklKyb09O1R6kvicsu7vs1gXXnhYCJLpZr,frederykantunnes@gmail.com,qaz@1234 [] []
[2019-01-29 17:42:06] Login.WARNING: Login:  [] []
[2019-01-29 17:42:42] Login.WARNING: Login:  [] []
[2019-01-29 19:01:50] Login.WARNING: Login:  [] []
[2019-01-29 19:02:04] Login.WARNING: Login: LPpXCA1j3Kdn2FKS5p5FmFVkWf1J9iIGkDmi5fYy,frederykantunnes@gmail.com,qaz@1234 [] []
[2019-01-29 19:05:53] Login.WARNING: Login:  [] []
[2019-01-30 12:03:40] Login.WARNING: Login:  [] []
[2019-01-30 12:04:04] Login.WARNING: Login: DLsiE30RsLkkG58MeKbCmyPEuIjnWTCDbtOkpT2o,frederykantunnes@gmail.com,qaz@1234 [] []
[2019-01-30 12:36:57] Login.WARNING: Login:  [] []
[2019-01-30 12:36:59] Login.WARNING: Login: 6NXOsmAINdNCyMoZtFkOHGAE4eObLB4pZ6pOFOsz,frederykantunnes@gmail.com,qaz@1234 [] []
[2019-01-30 12:38:01] Login.WARNING: Login:  [] []
[2019-01-30 15:03:35] Login.WARNING: Login:  [] []
[2019-01-30 15:03:41] Login.WARNING: Login: iwrJ1aQHuhdCbseiLvNQqN0zN40YtODjXtvml3Yq,atd@atdsistemas.com.br,qaz@1234 [] []
[2019-01-30 16:08:17] Login.WARNING: Login:  [] []
[2019-01-30 16:40:19] Login.WARNING: Login:  [] []
[2019-01-31 10:44:28] Login.WARNING: Login:  [] []
[2019-01-31 11:38:06] Login.WARNING: Login:  [] []
[2019-01-31 11:38:18] Login.WARNING: Login: h2WDRpQrM2TLE1aArfRRonNsjMLQLNrOyzC9HgZ4,stelamartes@hotmail.com,250776 [] []
[2019-01-31 15:21:40] Login.WARNING: Login:  [] []
[2019-01-31 15:21:48] Login.WARNING: Login: 0yeQ3rXAnE6GL9woZT7dReZQpmE1vrWRP2JJc1EO,stelamartes@hotmail.com,250776 [] []
[2019-01-31 16:02:04] Login.WARNING: Login:  [] []
[2019-02-01 16:32:56] Login.WARNING: Login:  [] []
[2019-02-01 16:33:38] Login.WARNING: Login: q5GzXwOsw86cOfzJsQG8qiIS5czbn2D6mAHWAWuC,stelamartes@hotmail.com,250776 [] []
[2019-02-02 11:21:09] Login.WARNING: Login:  [] []
[2019-02-02 11:21:17] Login.WARNING: Login: KdIeJ3yJAzoqx2i17CkSAjpM62tMVT6tt40wFH8M,stelamartes@hotmail.com,250776 [] []
[2019-02-09 16:51:36] Login.WARNING: Login:  [] []
[2019-02-09 16:51:55] Login.WARNING: Login:  [] []
[2019-02-09 16:52:18] Login.WARNING: Login: zYTR830wYcRFDeTcSnHHmFCxP1pqD06ysoiYyXLn,stelamartes@hotmail.com,25071976 [] []
[2019-02-09 16:52:19] Login.WARNING: Login:  [] []
[2019-02-09 16:52:29] Login.WARNING: Login: zYTR830wYcRFDeTcSnHHmFCxP1pqD06ysoiYyXLn,stelamartes@hotmail.com,250776 [] []
[2019-02-09 17:47:11] Login.WARNING: Login:  [] []
[2019-02-09 17:47:24] Login.WARNING: Login: kFjXbT07N6QZu0YdCJEvWLlgtK3lYSEnJKYOvUgE,frederykantunnes@gmail.com,qaz@1234 [] []
[2019-02-09 17:48:14] Login.WARNING: Login:  [] []
[2019-02-10 09:11:47] Login.WARNING: Login:  [] []
[2019-02-10 09:11:56] Login.WARNING: Login: 8mHs53Qr2Tslhrf1eiMCxd3BQ6V9rJYrzR0pdvJK,frederykantunnes@gmail.com,qaz@1234 [] []
[2019-02-10 09:12:02] Login.WARNING: Login:  [] []
[2019-02-10 10:41:30] Login.WARNING: Login:  [] []
[2019-02-10 10:41:38] Login.WARNING: Login: 9DPaoAJNCw5a6JXC66ETkfVwrxgJLPRZW8qOl88q,frederykantunnes@gmail.com,qaz@1234 [] []
[2019-02-10 10:44:15] Login.WARNING: Login:  [] []
[2019-02-10 10:44:19] Login.WARNING: Login: jDK4eqc1mSWC9pEh0QtoyEt68BFC3RyQ5lwWP7je,atd@atdsistemas.com.br,qaz@1234 [] []
[2019-02-11 10:27:11] Login.WARNING: Login:  [] []
[2019-02-11 10:27:16] Login.WARNING: Login: KoUaqThBw2wewqfCI2YdBuTBtQ4csEFvJqLVWW0g,atd@atdsistemas.com.br,qaz@1234 [] []
[2019-02-11 10:27:28] Login.WARNING: Login:  [] []
[2019-02-11 10:27:33] Login.WARNING: Login: 82RWOqb73YFXrfYllni7fYzxPEMi6NFEM4wgdhHx,frederykantunnes@gmail.com,qaz@1234 [] []
[2019-02-11 10:27:54] Login.WARNING: Login:  [] []
[2019-02-11 15:49:10] Login.WARNING: Login:  [] []
[2019-02-11 15:49:17] Login.WARNING: Login: YOerbmn6ROz8CIBw0ggrWWiBirTi3iQR6LavfRz0,stelamartes@hotmail.com,250776 [] []
[2019-02-11 18:23:42] Login.WARNING: Login:  [] []
[2019-02-11 18:23:48] Login.WARNING: Login: LCFnxRruknNOrxSEwfK3F1zxvSbPu3fYnyyo7NsN,stelamartes@hotmail.com,250776 [] []
[2019-02-12 17:58:55] Login.WARNING: Login:  [] []
[2019-02-12 17:59:04] Login.WARNING: Login: L4iJvoKAuOPCyVKKxAd6rFA4STOw7Xb7imn82SeI,stelamartes@hotmail.com,250776 [] []
[2019-02-14 08:52:37] Login.WARNING: Login:  [] []
[2019-02-14 11:14:50] Login.WARNING: Login:  [] []
[2019-02-14 11:15:00] Login.WARNING: Login: dt13skdGpSJ8FVH0J2HV3rRvpiYUaBvuHULaQUQ9,stelamartes@hotmail.com,250776 [] []
[2019-02-16 14:43:01] Login.WARNING: Login:  [] []
[2019-02-16 14:43:04] Login.WARNING: Login: 2otoelIGzKYbTrqzABpiddvqtiHAsQjmUtGQsWZQ,frederykantunnes@gmail.com,qaz@1234 [] []
[2019-02-16 14:46:27] Login.WARNING: Login:  [] []
[2019-02-16 15:23:59] Login.WARNING: Login:  [] []
[2019-02-16 15:24:07] Login.WARNING: Login: oiFvcJC4qpbuOkzSmj2eV8eKQRUiDCTeWbuRBebX,frederykantunnes@gmail.com,qaz@1234 [] []
[2019-02-16 15:59:44] Login.WARNING: Login:  [] []
[2019-02-16 16:00:01] Login.WARNING: Login: qpFLBQaFfF28rvweI1wKATpqTjF4oc2CmFtefcc8,stelamartes@hotmail.com,25071776 [] []
[2019-02-16 16:00:02] Login.WARNING: Login:  [] []
[2019-02-16 16:00:09] Login.WARNING: Login: qpFLBQaFfF28rvweI1wKATpqTjF4oc2CmFtefcc8,stelamartes@hotmail.com,250776 [] []
[2019-02-16 16:08:11] Login.WARNING: Login:  [] []
[2019-02-16 16:08:24] Login.WARNING: Login: mvpl0CxfSp6u6KzE9xgDp5tnMRmFJPFa3OLHRSFt,atd@atdsistemas.com.br,qaz@1234 [] []
[2019-02-16 16:16:16] Login.WARNING: Login:  [] []
[2019-02-16 16:16:55] Login.WARNING: Login:  [] []
[2019-02-16 16:17:21] Login.WARNING: Login:  [] []
[2019-02-16 16:17:34] Login.WARNING: Login: OdDiAcjbcDCA2Cy6pyUpLMRh00JcpvR5scw1VgEG,dayaramillane1998@gmail.com,deus1998 [] []
[2019-02-16 16:18:14] Login.WARNING: Login: AgLJT6fR4Bmb67mRmfUgYav40tN2BmPvXeI4iN5G,atd@atdsistemas.com.br,qaz@1234 [] []
[2019-02-16 16:18:41] Login.WARNING: Login:  [] []
[2019-02-16 16:18:44] Login.WARNING: Login:  [] []
[2019-02-16 16:18:52] Login.WARNING: Login: aUQWHdWrxjggCugxuQABUvRhGWThhshee7lKIowq,dayaramillane1998@gmail.com,deus1998 [] []
[2019-02-16 16:20:57] Login.WARNING: Login:  [] []
[2019-02-16 16:21:03] Login.WARNING: Login:  [] []
[2019-02-16 16:22:08] Login.WARNING: Login:  [] []
[2019-02-16 17:14:22] Login.WARNING: Login:  [] []
[2019-02-17 18:03:51] Login.WARNING: Login:  [] []
[2019-02-17 18:03:57] Login.WARNING: Login: UMVKzTBan7G0UGkpPgvFS3N9mdcCig7KkYgNA1dH,atd@atdsistemas.com.br,qaz@1234 [] []
[2019-02-17 21:23:21] Login.WARNING: Login:  [] []
[2019-02-17 21:23:24] Login.WARNING: Login: gx4QffycyR3xMXNSUY43TaLGyXvSoqWw4TXCsjZ8,atd@atdsistemas.com.br,qaz@1234 [] []
[2019-02-17 21:55:04] Login.WARNING: Login:  [] []
[2019-02-17 21:55:08] Login.WARNING: Login: kUAwgTZhjXnitsKKLyQCzY49dYNwMukq8S1M6fBo,atd@atdsistemas.com.br,qaz@1234 [] []
[2019-02-17 21:55:43] Login.WARNING: Login:  [] []
[2019-02-17 21:56:12] Login.WARNING: Login: TJqcI3tYIR5SSjHaoPEz3ibjjRx3xt5KWsXH1AAg,frederykantunnes@gmail.com,123456 [] []
[2019-02-18 00:09:49] Login.WARNING: Login:  [] []
[2019-02-18 00:09:52] Login.WARNING: Login:  [] []
[2019-02-18 00:12:52] Login.WARNING: Login:  [] []
[2019-02-18 00:13:06] Login.WARNING: Login:  [] []
[2019-02-18 00:13:54] Login.WARNING: Login: Vj1xCwr2aOTpWJky3G0ZU0iDm4r0nRYW1K6TZy7K,atd@atdsistemas.com.br,qaz@1234 [] []
[2019-02-18 00:14:18] Login.WARNING: Login:  [] []
[2019-02-18 00:20:27] Login.WARNING: Login:  [] []
[2019-02-18 00:20:54] Login.WARNING: Login:  [] []
[2019-02-18 00:21:28] Login.WARNING: Login:  [] []
[2019-02-18 00:21:44] Login.WARNING: Login:  [] []
[2019-02-18 00:21:47] Login.WARNING: Login: xMAHv4BVCz5RMy8dhfKDChGbqItry16cqaZvx0QJ,atd@atdsistemas.com.br,qaz@1234 [] []
[2019-02-18 00:22:14] Login.WARNING: Login:  [] []
[2019-02-18 00:22:41] Login.WARNING: Login:  [] []
[2019-02-18 00:24:31] Login.WARNING: Login:  [] []
[2019-02-18 00:24:34] Login.WARNING: Login: 6b85QaUla9eAJASAjsWboknZOhLEywixwuvaY9SM,atd@atdsistemas.com.brasd,qaz@1234 [] []
[2019-02-18 00:24:35] Login.WARNING: Login:  [] []
[2019-02-18 00:25:58] Login.WARNING: Login:  [] []
[2019-02-18 00:27:46] Login.WARNING: Login:  [] []
[2019-02-18 00:28:11] Login.WARNING: Login:  [] []
[2019-02-18 00:28:43] Login.WARNING: Login:  [] []
[2019-02-18 00:29:25] Login.WARNING: Login:  [] []
[2019-02-18 00:29:29] Login.WARNING: Login: 6b85QaUla9eAJASAjsWboknZOhLEywixwuvaY9SM,atd@atdsistemas.com.brsadasd,qaz@1234 [] []
[2019-02-18 00:29:30] Login.WARNING: Login:  [] []
[2019-02-18 00:30:07] Login.WARNING: Login:  [] []
[2019-02-18 00:30:11] Login.WARNING: Login: 6b85QaUla9eAJASAjsWboknZOhLEywixwuvaY9SM,atd@atdsistemas.com.brxc,qaz@1234 [] []
[2019-02-18 00:30:12] Login.WARNING: Login:  [] []
[2019-02-18 00:30:28] Login.WARNING: Login: 6b85QaUla9eAJASAjsWboknZOhLEywixwuvaY9SM,atd@atdsistemas.com.br,1231321321 [] []
[2019-02-18 00:30:29] Login.WARNING: Login:  [] []
[2019-02-18 00:30:47] Login.WARNING: Login: 6b85QaUla9eAJASAjsWboknZOhLEywixwuvaY9SM,atd@atdsistemas.com.br,qaz@1234sd [] []
[2019-02-18 00:30:48] Login.WARNING: Login:  [] []
[2019-02-18 00:38:03] Login.WARNING: Login:  [] []
[2019-02-18 00:38:08] Login.WARNING: Login: 6b85QaUla9eAJASAjsWboknZOhLEywixwuvaY9SM,frederykantunnes@gmail.com,qaz@1234 [] []
[2019-02-18 00:38:10] Login.WARNING: Login:  [] []
[2019-02-18 00:38:19] Login.WARNING: Login: OcgE1Pk0gzhHbIYo1h2TpUzn6ZDDz1HNeBwlCi4X,frederykantunnes@gmail.com,123456 [] []
[2019-02-18 00:38:20] Login.WARNING: Login:  [] []
[2019-02-18 00:38:25] Login.WARNING: Login: OcgE1Pk0gzhHbIYo1h2TpUzn6ZDDz1HNeBwlCi4X,frederykantunnes@gmail.com,qaz@1234 [] []
[2019-02-18 00:59:32] Login.WARNING: Login:  [] []
[2019-02-18 00:59:48] Login.WARNING: Login: G87sGGhQA5Xtq9ebOsHNXXg1hT7YjCjKScNPIztM,frederykantunnes@gmail.com,qaz@1234 [] []
[2019-02-18 01:28:38] Login.WARNING: Login:  [] []
[2019-02-18 01:28:44] Login.WARNING: Login: EopcCnqiP5D6OkuXii9LmK2wCEhvV5kVKhw2PwHc,atd@atdsistemas.com.br,qaz@1234 [] []
[2019-02-18 01:29:02] Login.WARNING: Login:  [] []
[2019-02-18 09:11:54] Login.WARNING: Login:  [] []
[2019-02-18 09:12:01] Login.WARNING: Login: GretTvGLeIeidWpu0ODaC1kicM8PkSNo3Ve3oX7Q,frederykantunnes@gmail.com,123456 [] []
[2019-02-18 12:41:30] Login.WARNING: Login:  [] []
[2019-02-18 13:34:33] Login.WARNING: Login: auvTovEZJMsrkJKrUgdNRkfmoWXl8xYWYs1NmAkb,atd@atdsistemas.com.br,qaz@1234 [] []
[2019-02-18 13:34:34] Login.WARNING: Login:  [] []
[2019-02-18 13:34:42] Login.WARNING: Login: 7ie6hhEbWHsvsMpdZnpDEKC3l4s2cjoAXOQjV1eO,atd@atdsistemas.com.br,qaz@1234 [] []
[2019-02-18 13:34:48] Login.WARNING: Login:  [] []
[2019-02-18 18:54:16] Login.WARNING: Login:  [] []
[2019-02-18 18:54:21] Login.WARNING: Login: 4jEHgzrV1JFrrf2ZVbN6tUKgqsuXGMKHNSVQuGpj,frederykantunnes@gmail.com,qaz@1234 [] []
[2019-02-18 18:54:21] Login.WARNING: Login:  [] []
[2019-02-18 18:54:26] Login.WARNING: Login: 4jEHgzrV1JFrrf2ZVbN6tUKgqsuXGMKHNSVQuGpj,frederykantunnes@gmail.com,123456 [] []
[2019-02-26 11:44:16] Login.WARNING: Login:  [] []
[2019-02-26 11:44:42] Login.WARNING: Login: 5lFfC37ZEPuQ41CUyWHrvlNIim7xac7PYLDm4LYW,fahelysson-vendedor@gmail.com,qaz@1234 [] []
[2019-02-26 11:44:44] Login.WARNING: Login:  [] []
[2019-02-26 11:45:05] Login.WARNING: Login: 5lFfC37ZEPuQ41CUyWHrvlNIim7xac7PYLDm4LYW,fahelysson-vendedor@gmail.com,123456 [] []
[2019-02-26 11:48:29] Login.WARNING: Login:  [] []
[2019-02-26 11:48:36] Login.WARNING: Login: HGeJ6cWNhC6Enk3GEptloQxR4GeraohmHQkOq9Kf,fahelysson-adm@gmail.com,123456 [] []
[2019-02-26 11:57:55] Login.WARNING: Login:  [] []
[2019-02-26 11:58:02] Login.WARNING: Login: p4Lf3UBaszFnhzfWnFVygv9ElveICemvv0EVZZr5,fahelysson-vendedor@gmail.com,123456 [] []
[2019-02-26 12:00:52] Login.WARNING: Login:  [] []
[2019-02-26 12:00:59] Login.WARNING: Login: NVJqV7tlCVLLa0AGFmSACZjnTTs9EnMzy8mZNgh9,fahelysson-adm@gmail.com,123456 [] []
[2019-02-26 12:03:34] Login.WARNING: Login:  [] []
[2019-02-26 12:03:40] Login.WARNING: Login: ATEyuZykxj6qS6NGQWoklKEJZLqhFdPnoXCc6K7E,fahelysson-vendedor@gmail.com,123456 [] []
[2019-03-13 19:36:35] Login.WARNING: Login:  [] []
[2019-03-13 19:36:43] Login.WARNING: Login: Zhyuv9UKwcghqcN5bCTZST9tkir5JXilgtZppon7,frederykantunnes@gmail.com,qaz@1234 [] []
[2019-03-29 20:51:37] Login.WARNING: Login:  [] []
[2019-03-29 20:51:42] Login.WARNING: Login: 5MzqDE0wMjORQX3GPgIk9ac0HUQNFVLBfmEAMNfB,atd@atdsistemas.com.br,qaz@1234 [] []
[2019-03-29 20:55:35] Login.WARNING: Login:  [] []
[2019-03-29 20:55:37] Login.WARNING: Login: 6pT0vjieJrDLiVCf7EHZqo60NNuyZaMgjEvbkls0,atd@atdsistemas.com.br,qaz@1234 [] []
[2019-03-29 20:57:06] Login.WARNING: Login:  [] []
[2019-03-29 20:57:13] Login.WARNING: Login: DZTinu1n91pgPoFHUTlSelLQQl5t93eHq1wgQOme,frederykantunnes@gmail.com,123456 [] []
[2019-03-29 22:27:37] Login.WARNING: Login:  [] []
[2019-03-29 22:27:48] Login.WARNING: Login:  [] []
[2019-03-29 22:27:55] Login.WARNING: Login:  [] []
[2019-03-29 22:27:58] Login.WARNING: Login:  [] []
[2019-03-29 22:28:14] Login.WARNING: Login:  [] []
[2019-03-29 22:28:18] Login.WARNING: Login:  [] []
[2019-03-29 22:29:01] Login.WARNING: Login:  [] []
[2019-03-30 00:50:42] Login.WARNING: Login:  [] []
[2019-03-30 00:50:45] Login.WARNING: Login: gBFCaMCFNCGNhXKJ9GVLbRbfjnDOoDGxaVXsUth4,atd@atdsistemas.com.br,qaz@1234 [] []
[2019-03-30 00:54:16] Login.WARNING: Login:  [] []
[2019-03-30 00:54:21] Login.WARNING: Login: gpT6ztL3iBXFcPSHhaH5tiQdJRDSfWQjq00iqNJo,frederykantunnes@gmail.com,123456 [] []
[2019-03-30 01:45:42] Login.WARNING: Login:  [] []
[2019-03-30 01:45:52] Login.WARNING: Login: z49yAsQfDy9rebyAUGzDKyznLgCiSo9S1eRoT3fv,frederykantunnes@outlook.com,123456 [] []
[2019-03-30 01:50:31] Login.WARNING: Login:  [] []
[2019-03-30 01:51:13] Login.WARNING: Login: I9Iau8JBp7ig3NsfjPudjAFBAybkOJ7Wny67w9pB,frederykantunnes@gmail.com,123456 [] []
[2019-04-23 22:05:35] Login.WARNING: Login:  [] []
[2019-04-23 22:05:54] Login.WARNING: Login:  [] []
[2019-04-23 22:05:57] Login.WARNING: Login:  [] []
[2019-04-23 22:06:06] Login.WARNING: Login:  [] []
