[2018-10-16 01:24:59] AÇÕES.WARNING: Primeiro Caixa: - Usuário: Frederyk Antunnes -ID:4 [] []
[2018-10-16 01:25:34] AÇÕES.WARNING: Caixa Aberto: - Usuário: Frederyk Antunnes -ID:4 [] []
[2018-10-16 01:25:34] AÇÕES.WARNING: Movimentação: - Usuário: Frederyk Antunnes -ID:4 [] []
[2018-10-16 01:26:57] AÇÕES.WARNING: Cliente Cadastrado: - Usuário: Frederyk Antunnes -ID:4 [] []
[2018-10-16 01:27:59] AÇÕES.WARNING: Cliente Cadastrado: - Usuário: Frederyk Antunnes -ID:4 [] []
[2018-10-16 01:28:51] AÇÕES.WARNING: Cliente Cadastrado: - Usuário: Frederyk Antunnes -ID:4 [] []
[2018-10-16 01:30:19] AÇÕES.WARNING: Novo Fornecedor: - Usuário: Frederyk Antunnes -ID:4 [] []
[2018-10-16 01:30:40] AÇÕES.WARNING: Novo Grupo de Produto: - Usuário: Frederyk Antunnes -ID:4 [] []
[2018-10-16 01:30:51] AÇÕES.WARNING: Novo Grupo de Produto: - Usuário: Frederyk Antunnes -ID:4 [] []
[2018-10-16 01:31:06] AÇÕES.WARNING: Novo Grupo de Produto: - Usuário: Frederyk Antunnes -ID:4 [] []
[2018-10-16 01:32:02] AÇÕES.WARNING: Novo Produto: - Usuário: Frederyk Antunnes -ID:4 [] []
[2018-10-16 01:32:45] AÇÕES.WARNING: Novo Produto: - Usuário: Frederyk Antunnes -ID:4 [] []
[2018-10-16 01:33:30] AÇÕES.WARNING: Novo Produto: - Usuário: Frederyk Antunnes -ID:4 [] []
[2018-10-16 01:34:27] AÇÕES.WARNING: Novo Produto: - Usuário: Frederyk Antunnes -ID:4 [] []
[2018-10-16 01:34:45] AÇÕES.WARNING: Nova Compra: - Usuário: Frederyk Antunnes -ID:4 [] []
[2018-10-16 01:35:00] AÇÕES.WARNING: Adicionado Produto a Compra: - Usuário: Frederyk Antunnes -ID:4 [] []
[2018-10-16 01:35:11] AÇÕES.WARNING: Adicionado Produto a Compra: - Usuário: Frederyk Antunnes -ID:4 [] []
[2018-10-16 01:35:21] AÇÕES.WARNING: Adicionado Produto a Compra: - Usuário: Frederyk Antunnes -ID:4 [] []
[2018-10-16 01:35:29] AÇÕES.WARNING: Adicionado Produto a Compra: - Usuário: Frederyk Antunnes -ID:4 [] []
[2018-10-16 01:35:31] AÇÕES.WARNING: Compra Atualizada: - Usuário: Frederyk Antunnes -ID:4 [] []
[2018-10-16 01:35:46] AÇÕES.WARNING: Nova Compra: - Usuário: Frederyk Antunnes -ID:4 [] []
[2018-10-16 01:36:01] AÇÕES.WARNING: Adicionado Produto a Compra: - Usuário: Frederyk Antunnes -ID:4 [] []
[2018-10-16 01:36:03] AÇÕES.WARNING: Compra Atualizada: - Usuário: Frederyk Antunnes -ID:4 [] []
[2018-10-16 01:37:18] AÇÕES.WARNING: Nova Venda: - Usuário: Frederyk Antunnes -ID:4 [] []
[2018-10-16 01:37:23] AÇÕES.WARNING: Adicionado Produto a Venda: - Usuário: Frederyk Antunnes -ID:4 [] []
[2018-10-16 01:37:36] AÇÕES.WARNING: Adicionado Produto a Venda: - Usuário: Frederyk Antunnes -ID:4 [] []
[2018-10-16 01:37:55] AÇÕES.WARNING: Nova Venda: - Usuário: Frederyk Antunnes -ID:4 [] []
[2018-10-16 01:37:59] AÇÕES.WARNING: Adicionado Produto a Venda: - Usuário: Frederyk Antunnes -ID:4 [] []
[2018-10-16 01:38:47] AÇÕES.WARNING: Nova Venda: - Usuário: Frederyk Antunnes -ID:4 [] []
[2018-10-16 01:38:53] AÇÕES.WARNING: Adicionado Produto a Venda: - Usuário: Frederyk Antunnes -ID:4 [] []
[2018-10-16 01:39:12] AÇÕES.WARNING: Nova Venda: - Usuário: Frederyk Antunnes -ID:4 [] []
[2018-10-16 01:39:17] AÇÕES.WARNING: Adicionado Produto a Venda: - Usuário: Frederyk Antunnes -ID:4 [] []
[2018-10-16 01:39:46] AÇÕES.WARNING: Entrada/Saida: - Usuário: Frederyk Antunnes -ID:4 [] []
[2018-10-16 01:39:59] AÇÕES.WARNING: Entrada/Saida: - Usuário: Frederyk Antunnes -ID:4 [] []
[2018-10-16 01:40:31] AÇÕES.WARNING: Conta Cadastrada: - Usuário: Frederyk Antunnes -ID:4 [] []
[2018-10-16 01:40:31] AÇÕES.WARNING: Conta Cadastrada: - Usuário: Frederyk Antunnes -ID:4 [] []
[2018-10-16 01:40:31] AÇÕES.WARNING: Conta Cadastrada: - Usuário: Frederyk Antunnes -ID:4 [] []
[2018-10-16 01:40:31] AÇÕES.WARNING: Conta Cadastrada: - Usuário: Frederyk Antunnes -ID:4 [] []
[2018-10-16 01:40:31] AÇÕES.WARNING: Conta Cadastrada: - Usuário: Frederyk Antunnes -ID:4 [] []
[2018-10-16 01:40:31] AÇÕES.WARNING: Conta Cadastrada: - Usuário: Frederyk Antunnes -ID:4 [] []
[2018-10-16 01:40:31] AÇÕES.WARNING: Conta Cadastrada: - Usuário: Frederyk Antunnes -ID:4 [] []
[2018-10-16 01:40:40] AÇÕES.WARNING: Conta PagaRecebida:6 - Internet Loja - 1-7 - 55,00 - Usuário: Frederyk Antunnes -ID:4 [] []
[2018-10-16 01:42:43] AÇÕES.WARNING: Nova Venda: - Usuário: Frederyk Antunnes -ID:4 [] []
