[2018-10-14 11:16:45] AÇÕES.WARNING: Primeiro Caixa: - Usuário: FREDERYK ANTUNNES DE SOUSA ALVES -ID:2 [] []
[2018-10-14 11:16:47] AÇÕES.WARNING: Caixa Aberto: - Usuário: FREDERYK ANTUNNES DE SOUSA ALVES -ID:2 [] []
[2018-10-14 11:16:47] AÇÕES.WARNING: Movimentação: - Usuário: FREDERYK ANTUNNES DE SOUSA ALVES -ID:2 [] []
[2018-10-14 11:17:20] AÇÕES.WARNING: Cliente Cadastrado: - Usuário: FREDERYK ANTUNNES DE SOUSA ALVES -ID:2 [] []
[2018-10-14 11:17:44] AÇÕES.WARNING: Novo Fornecedor: - Usuário: FREDERYK ANTUNNES DE SOUSA ALVES -ID:2 [] []
[2018-10-14 11:17:54] AÇÕES.WARNING: Novo Grupo de Produto: - Usuário: FREDERYK ANTUNNES DE SOUSA ALVES -ID:2 [] []
[2018-10-14 11:18:19] AÇÕES.WARNING: Novo Produto: - Usuário: FREDERYK ANTUNNES DE SOUSA ALVES -ID:2 [] []
[2018-10-14 11:18:25] AÇÕES.WARNING: Nova Venda: - Usuário: FREDERYK ANTUNNES DE SOUSA ALVES -ID:2 [] []
[2018-10-14 11:18:29] AÇÕES.WARNING: Adicionado Produto a Venda: - Usuário: FREDERYK ANTUNNES DE SOUSA ALVES -ID:2 [] []
[2018-10-15 02:31:04] AÇÕES.WARNING: Cliente Cadastrado: - Usuário: FREDERYK ANTUNNES DE SOUSA ALVES -ID:2 [] []
[2018-10-15 02:40:32] AÇÕES.WARNING: Nova Venda: - Usuário: FREDERYK ANTUNNES DE SOUSA ALVES -ID:2 [] []
[2018-10-15 02:40:35] AÇÕES.WARNING: Adicionado Produto a Venda: - Usuário: FREDERYK ANTUNNES DE SOUSA ALVES -ID:2 [] []
[2018-10-15 02:40:39] AÇÕES.WARNING: Adicionado Produto a Venda: - Usuário: FREDERYK ANTUNNES DE SOUSA ALVES -ID:2 [] []
[2018-10-15 10:30:44] AÇÕES.WARNING: Pagamento de Debito: - Usuário: FREDERYK ANTUNNES DE SOUSA ALVES -ID:2 [] []
[2018-10-15 10:30:44] AÇÕES.WARNING: Novo Pagamento: - Usuário: FREDERYK ANTUNNES DE SOUSA ALVES -ID:2 [] []
[2018-10-15 10:30:44] AÇÕES.WARNING: Movimentação: - Usuário: FREDERYK ANTUNNES DE SOUSA ALVES -ID:2 [] []
[2018-10-15 11:30:26] AÇÕES.WARNING: Cliente Excluído: - Usuário: FREDERYK ANTUNNES DE SOUSA ALVES -ID:2 [] []
[2018-10-15 11:47:17] AÇÕES.WARNING: Nova Venda: - Usuário: FREDERYK ANTUNNES DE SOUSA ALVES -ID:2 [] []
[2018-10-15 11:47:37] AÇÕES.WARNING: Adicionado Produto a Venda: - Usuário: FREDERYK ANTUNNES DE SOUSA ALVES -ID:2 [] []
[2018-10-15 11:49:18] AÇÕES.WARNING: Nova Venda: - Usuário: FREDERYK ANTUNNES DE SOUSA ALVES -ID:2 [] []
[2018-10-15 11:49:24] AÇÕES.WARNING: Adicionado Produto a Venda: - Usuário: FREDERYK ANTUNNES DE SOUSA ALVES -ID:2 [] []
[2018-10-15 11:50:47] AÇÕES.WARNING: Nova Compra: - Usuário: FREDERYK ANTUNNES DE SOUSA ALVES -ID:2 [] []
[2018-10-15 11:51:34] AÇÕES.WARNING: Adicionado Produto a Compra: - Usuário: FREDERYK ANTUNNES DE SOUSA ALVES -ID:2 [] []
[2018-10-15 11:51:38] AÇÕES.WARNING: Compra Atualizada: - Usuário: FREDERYK ANTUNNES DE SOUSA ALVES -ID:2 [] []
[2018-10-15 11:56:18] AÇÕES.WARNING: Entrada/Saida: - Usuário: FREDERYK ANTUNNES DE SOUSA ALVES -ID:2 [] []
[2018-10-15 11:56:53] AÇÕES.WARNING: Caixa Fechado: - Usuário: FREDERYK ANTUNNES DE SOUSA ALVES -ID:2 [] []
[2018-10-15 11:57:26] AÇÕES.WARNING: Caixa Aberto: - Usuário: FREDERYK ANTUNNES DE SOUSA ALVES -ID:2 [] []
[2018-10-15 11:57:26] AÇÕES.WARNING: Movimentação: - Usuário: FREDERYK ANTUNNES DE SOUSA ALVES -ID:2 [] []
[2018-10-15 11:58:33] AÇÕES.WARNING: Entrada/Saida: - Usuário: FREDERYK ANTUNNES DE SOUSA ALVES -ID:2 [] []
[2018-10-15 12:00:40] AÇÕES.WARNING: Conta Cadastrada: - Usuário: FREDERYK ANTUNNES DE SOUSA ALVES -ID:2 [] []
[2018-10-15 12:00:40] AÇÕES.WARNING: Conta Cadastrada: - Usuário: FREDERYK ANTUNNES DE SOUSA ALVES -ID:2 [] []
[2018-10-15 12:00:40] AÇÕES.WARNING: Conta Cadastrada: - Usuário: FREDERYK ANTUNNES DE SOUSA ALVES -ID:2 [] []
[2018-10-15 12:00:40] AÇÕES.WARNING: Conta Cadastrada: - Usuário: FREDERYK ANTUNNES DE SOUSA ALVES -ID:2 [] []
[2018-10-15 12:00:40] AÇÕES.WARNING: Conta Cadastrada: - Usuário: FREDERYK ANTUNNES DE SOUSA ALVES -ID:2 [] []
[2018-10-15 12:01:03] AÇÕES.WARNING: Conta PagaRecebida:1 - Internet - 1-5 - 49,90 - Usuário: FREDERYK ANTUNNES DE SOUSA ALVES -ID:2 [] []
[2018-10-15 12:02:56] AÇÕES.WARNING: Pagamento de Debito: - Usuário: FREDERYK ANTUNNES DE SOUSA ALVES -ID:2 [] []
[2018-10-15 12:02:56] AÇÕES.WARNING: Novo Pagamento: - Usuário: FREDERYK ANTUNNES DE SOUSA ALVES -ID:2 [] []
[2018-10-15 12:02:56] AÇÕES.WARNING: Movimentação: - Usuário: FREDERYK ANTUNNES DE SOUSA ALVES -ID:2 [] []
[2018-10-15 12:05:22] AÇÕES.WARNING: Usuario Desativado: - Usuário: Lidiane -ID:3 [] []
[2018-10-15 12:05:34] AÇÕES.WARNING: Usuario Ativado: - Usuário: Lidiane -ID:3 [] []
[2018-10-15 17:59:02] AÇÕES.WARNING: Novo Produto: - Usuário: FREDERYK ANTUNNES DE SOUSA ALVES -ID:2 [] []
[2018-10-15 18:00:20] AÇÕES.WARNING: Adicionado Produto a Venda: - Usuário: FREDERYK ANTUNNES DE SOUSA ALVES -ID:2 [] []
[2018-10-15 18:00:25] AÇÕES.WARNING: Adicionado Produto a Venda: - Usuário: FREDERYK ANTUNNES DE SOUSA ALVES -ID:2 [] []
[2018-10-15 18:00:33] AÇÕES.WARNING: Adicionado Produto a Venda: - Usuário: FREDERYK ANTUNNES DE SOUSA ALVES -ID:2 [] []
[2018-10-15 18:00:43] AÇÕES.WARNING: Removido Produto da Venda: - Usuário: FREDERYK ANTUNNES DE SOUSA ALVES -ID:2 [] []
[2018-10-15 18:00:44] AÇÕES.WARNING: Removido Produto da Venda: - Usuário: FREDERYK ANTUNNES DE SOUSA ALVES -ID:2 [] []
[2018-10-15 18:00:46] AÇÕES.WARNING: Removido Produto da Venda: - Usuário: FREDERYK ANTUNNES DE SOUSA ALVES -ID:2 [] []
[2018-10-15 18:00:47] AÇÕES.WARNING: Removido Produto da Venda: - Usuário: FREDERYK ANTUNNES DE SOUSA ALVES -ID:2 [] []
[2018-10-15 18:00:54] AÇÕES.WARNING: Venda Excluida: - Usuário: FREDERYK ANTUNNES DE SOUSA ALVES -ID:2 [] []
[2018-10-16 01:18:09] AÇÕES.WARNING: Atualização de Produto: - Usuário: FREDERYK ANTUNNES DE SOUSA ALVES -ID:2 [] []
