[2018-10-18 16:48:07] AÇÕES.WARNING: Primeiro Caixa: - Usuário: Maristela Florentino Marques -ID:3 [] []
[2018-10-18 16:49:05] AÇÕES.WARNING: Caixa Aberto: - Usuário: Maristela Florentino Marques -ID:3 [] []
[2018-10-18 16:49:05] AÇÕES.WARNING: Movimentação: - Usuário: Maristela Florentino Marques -ID:3 [] []
[2018-10-27 11:01:39] AÇÕES.WARNING: Novo Fornecedor: - Usuário: Maristela Florentino Marques -ID:3 [] []
[2018-10-27 11:08:25] AÇÕES.WARNING: Novo Grupo de Produto: - Usuário: Maristela Florentino Marques -ID:3 [] []
[2018-10-27 11:14:17] AÇÕES.WARNING: Novo Produto: - Usuário: Maristela Florentino Marques -ID:3 [] []
[2018-10-27 11:24:34] AÇÕES.WARNING: Novo Grupo de Produto: - Usuário: Maristela Florentino Marques -ID:3 [] []
[2018-10-27 11:26:30] AÇÕES.WARNING: Novo Grupo de Produto: - Usuário: Maristela Florentino Marques -ID:3 [] []
[2018-10-27 11:28:08] AÇÕES.WARNING: Novo Grupo de Produto: - Usuário: Maristela Florentino Marques -ID:3 [] []
[2018-10-27 11:28:28] AÇÕES.WARNING: Novo Grupo de Produto: - Usuário: Maristela Florentino Marques -ID:3 [] []
[2018-10-27 11:29:00] AÇÕES.WARNING: Novo Grupo de Produto: - Usuário: Maristela Florentino Marques -ID:3 [] []
[2018-10-27 11:29:30] AÇÕES.WARNING: Novo Grupo de Produto: - Usuário: Maristela Florentino Marques -ID:3 [] []
[2018-10-27 11:31:37] AÇÕES.WARNING: Novo Grupo de Produto: - Usuário: Maristela Florentino Marques -ID:3 [] []
[2018-10-27 14:21:54] AÇÕES.WARNING: Nova Compra: - Usuário: Maristela Florentino Marques -ID:3 [] []
[2018-10-27 14:30:30] AÇÕES.WARNING: Compra Atualizada: - Usuário: Maristela Florentino Marques -ID:3 [] []
[2018-10-29 16:18:58] AÇÕES.WARNING: Nova Compra: - Usuário: Maristela Florentino Marques -ID:3 [] []
[2018-10-29 16:20:55] AÇÕES.WARNING: Adicionado Produto a Compra: - Usuário: Maristela Florentino Marques -ID:3 [] []
[2018-10-29 16:21:14] AÇÕES.WARNING: Compra Atualizada: - Usuário: Maristela Florentino Marques -ID:3 [] []
[2018-10-29 16:24:45] AÇÕES.WARNING: Novo Produto: - Usuário: Maristela Florentino Marques -ID:3 [] []
[2018-10-29 16:26:54] AÇÕES.WARNING: Novo Produto: - Usuário: Maristela Florentino Marques -ID:3 [] []
[2018-10-29 16:27:23] AÇÕES.WARNING: Nova Compra: - Usuário: Maristela Florentino Marques -ID:3 [] []
[2018-10-29 16:28:54] AÇÕES.WARNING: Adicionado Produto a Compra: - Usuário: Maristela Florentino Marques -ID:3 [] []
[2018-10-29 16:30:01] AÇÕES.WARNING: Adicionado Produto a Compra: - Usuário: Maristela Florentino Marques -ID:3 [] []
[2018-10-29 16:30:29] AÇÕES.WARNING: Compra Atualizada: - Usuário: Maristela Florentino Marques -ID:3 [] []
[2018-10-29 16:34:05] AÇÕES.WARNING: Cliente Cadastrado: - Usuário: Maristela Florentino Marques -ID:3 [] []
[2018-10-29 16:34:12] AÇÕES.WARNING: Nova Venda: - Usuário: Maristela Florentino Marques -ID:3 [] []
[2018-10-29 16:34:23] AÇÕES.WARNING: Adicionado Produto a Venda: - Usuário: Maristela Florentino Marques -ID:3 [] []
[2018-10-29 16:35:20] AÇÕES.WARNING: Nova Venda: - Usuário: Maristela Florentino Marques -ID:3 [] []
[2018-10-29 16:35:33] AÇÕES.WARNING: Adicionado Produto a Venda: - Usuário: Maristela Florentino Marques -ID:3 [] []
[2018-10-29 16:35:55] AÇÕES.WARNING: Adicionado Produto a Venda: - Usuário: Maristela Florentino Marques -ID:3 [] []
[2018-10-29 16:36:16] AÇÕES.WARNING: Removido Produto da Venda: - Usuário: Maristela Florentino Marques -ID:3 [] []
[2018-11-24 19:26:38] AÇÕES.WARNING: Novo Produto: - Usuário: Maristela Florentino Marques -ID:3 [] []
[2018-11-24 19:35:02] AÇÕES.WARNING: Novo Produto: - Usuário: Maristela Florentino Marques -ID:3 [] []
[2018-11-24 19:37:42] AÇÕES.WARNING: Novo Produto: - Usuário: Maristela Florentino Marques -ID:3 [] []
[2018-11-24 19:46:50] AÇÕES.WARNING: Novo Produto: - Usuário: Maristela Florentino Marques -ID:3 [] []
[2018-11-24 19:47:18] AÇÕES.WARNING: Atualização de Produto: - Usuário: Maristela Florentino Marques -ID:3 [] []
[2018-11-24 19:52:22] AÇÕES.WARNING: Novo Produto: - Usuário: Maristela Florentino Marques -ID:3 [] []
[2018-11-24 19:55:04] AÇÕES.WARNING: Novo Produto: - Usuário: Maristela Florentino Marques -ID:3 [] []
[2018-11-24 19:55:18] AÇÕES.WARNING: Atualização de Produto: - Usuário: Maristela Florentino Marques -ID:3 [] []
[2018-11-24 19:58:55] AÇÕES.WARNING: Novo Produto: - Usuário: Maristela Florentino Marques -ID:3 [] []
[2018-11-24 20:01:41] AÇÕES.WARNING: Novo Produto: - Usuário: Maristela Florentino Marques -ID:3 [] []
[2018-11-24 20:05:53] AÇÕES.WARNING: Novo Produto: - Usuário: Maristela Florentino Marques -ID:3 [] []
[2018-11-24 20:15:08] AÇÕES.WARNING: Novo Produto: - Usuário: Maristela Florentino Marques -ID:3 [] []
[2018-11-24 20:17:35] AÇÕES.WARNING: Novo Produto: - Usuário: Maristela Florentino Marques -ID:3 [] []
[2018-11-24 20:19:44] AÇÕES.WARNING: Atualização de Produto: - Usuário: Maristela Florentino Marques -ID:3 [] []
[2018-11-24 20:25:54] AÇÕES.WARNING: Novo Produto: - Usuário: Maristela Florentino Marques -ID:3 [] []
[2018-11-24 20:29:08] AÇÕES.WARNING: Novo Produto: - Usuário: Maristela Florentino Marques -ID:3 [] []
[2018-12-03 13:29:40] AÇÕES.WARNING: Novo Fornecedor: - Usuário: Maristela Florentino Marques -ID:3 [] []
[2018-12-03 13:37:51] AÇÕES.WARNING: Novo Fornecedor: - Usuário: Maristela Florentino Marques -ID:3 [] []
[2018-12-03 13:38:20] AÇÕES.WARNING: Fornecedor Atualizado: - Usuário: Maristela Florentino Marques -ID:3 [] []
[2018-12-03 13:39:31] AÇÕES.WARNING: Novo Fornecedor: - Usuário: Maristela Florentino Marques -ID:3 [] []
[2018-12-03 13:42:24] AÇÕES.WARNING: Novo Grupo de Produto: - Usuário: Maristela Florentino Marques -ID:3 [] []
[2018-12-03 13:44:12] AÇÕES.WARNING: Novo Produto: - Usuário: Maristela Florentino Marques -ID:3 [] []
[2018-12-03 13:44:44] AÇÕES.WARNING: Atualização de Produto: - Usuário: Maristela Florentino Marques -ID:3 [] []
[2018-12-03 13:47:16] AÇÕES.WARNING: Novo Produto: - Usuário: Maristela Florentino Marques -ID:3 [] []
[2018-12-03 13:47:31] AÇÕES.WARNING: Atualização de Produto: - Usuário: Maristela Florentino Marques -ID:3 [] []
[2018-12-03 14:25:32] AÇÕES.WARNING: Nova Venda: - Usuário: Maristela Florentino Marques -ID:3 [] []
[2018-12-03 14:26:00] AÇÕES.WARNING: Adicionado Produto a Venda: - Usuário: Maristela Florentino Marques -ID:3 [] []
[2018-12-03 17:17:25] AÇÕES.WARNING: Novo Produto: - Usuário: Maristela Florentino Marques -ID:3 [] []
[2018-12-03 17:35:31] AÇÕES.WARNING: Novo Grupo de Produto: - Usuário: Maristela Florentino Marques -ID:3 [] []
[2018-12-03 17:38:28] AÇÕES.WARNING: Novo Produto: - Usuário: Maristela Florentino Marques -ID:3 [] []
[2018-12-03 17:50:01] AÇÕES.WARNING: Novo Grupo de Produto: - Usuário: Maristela Florentino Marques -ID:3 [] []
[2018-12-03 17:50:28] AÇÕES.WARNING: Novo Grupo de Produto: - Usuário: Maristela Florentino Marques -ID:3 [] []
[2018-12-03 17:51:05] AÇÕES.WARNING: Atualização de Grupo de Produto: - Usuário: Maristela Florentino Marques -ID:3 [] []
[2018-12-03 17:51:30] AÇÕES.WARNING: Atualização de Grupo de Produto: - Usuário: Maristela Florentino Marques -ID:3 [] []
[2018-12-03 17:52:18] AÇÕES.WARNING: Novo Grupo de Produto: - Usuário: Maristela Florentino Marques -ID:3 [] []
[2018-12-03 17:59:10] AÇÕES.WARNING: Novo Fornecedor: - Usuário: Maristela Florentino Marques -ID:3 [] []
[2018-12-03 18:01:10] AÇÕES.WARNING: Novo Produto: - Usuário: Maristela Florentino Marques -ID:3 [] []
[2018-12-03 18:29:34] AÇÕES.WARNING: Novo Fornecedor: - Usuário: Maristela Florentino Marques -ID:3 [] []
[2018-12-03 18:30:58] AÇÕES.WARNING: Novo Produto: - Usuário: Maristela Florentino Marques -ID:3 [] []
[2018-12-03 18:31:54] AÇÕES.WARNING: Novo Produto: - Usuário: Maristela Florentino Marques -ID:3 [] []
[2018-12-03 18:32:35] AÇÕES.WARNING: Novo Produto: - Usuário: Maristela Florentino Marques -ID:3 [] []
[2018-12-03 18:33:02] AÇÕES.WARNING: Atualização de Produto: - Usuário: Maristela Florentino Marques -ID:3 [] []
[2018-12-03 18:36:31] AÇÕES.WARNING: Atualização de Produto: - Usuário: Maristela Florentino Marques -ID:3 [] []
[2018-12-03 18:37:36] AÇÕES.WARNING: Atualização de Produto: - Usuário: Maristela Florentino Marques -ID:3 [] []
[2018-12-03 18:38:40] AÇÕES.WARNING: Atualização de Produto: - Usuário: Maristela Florentino Marques -ID:3 [] []
[2018-12-03 18:40:12] AÇÕES.WARNING: Atualização de Produto: - Usuário: Maristela Florentino Marques -ID:3 [] []
[2018-12-03 18:40:55] AÇÕES.WARNING: Atualização de Produto: - Usuário: Maristela Florentino Marques -ID:3 [] []
[2018-12-03 18:50:53] AÇÕES.WARNING: Atualização de Produto: - Usuário: Maristela Florentino Marques -ID:3 [] []
[2018-12-03 18:52:05] AÇÕES.WARNING: Atualização de Produto: - Usuário: Maristela Florentino Marques -ID:3 [] []
[2018-12-03 18:54:52] AÇÕES.WARNING: Atualização de Produto: - Usuário: Maristela Florentino Marques -ID:3 [] []
[2018-12-03 18:55:12] AÇÕES.WARNING: Atualização de Produto: - Usuário: Maristela Florentino Marques -ID:3 [] []
[2018-12-03 18:55:29] AÇÕES.WARNING: Atualização de Produto: - Usuário: Maristela Florentino Marques -ID:3 [] []
[2018-12-03 18:55:43] AÇÕES.WARNING: Atualização de Produto: - Usuário: Maristela Florentino Marques -ID:3 [] []
[2018-12-03 18:56:01] AÇÕES.WARNING: Atualização de Produto: - Usuário: Maristela Florentino Marques -ID:3 [] []
[2018-12-03 18:59:33] AÇÕES.WARNING: Atualização de Produto: - Usuário: Maristela Florentino Marques -ID:3 [] []
[2018-12-03 19:00:56] AÇÕES.WARNING: Atualização de Produto: - Usuário: Maristela Florentino Marques -ID:3 [] []
[2018-12-03 19:05:34] AÇÕES.WARNING: Atualização de Produto: - Usuário: sa -ID:6 [] []
[2018-12-03 19:15:13] AÇÕES.WARNING: Novo Produto: - Usuário: Maristela Florentino Marques -ID:3 [] []
[2018-12-03 19:17:53] AÇÕES.WARNING: Novo Produto: - Usuário: Maristela Florentino Marques -ID:3 [] []
[2018-12-03 19:20:21] AÇÕES.WARNING: Novo Produto: - Usuário: Maristela Florentino Marques -ID:3 [] []
[2018-12-04 08:52:57] AÇÕES.WARNING: Novo Fornecedor: - Usuário: Maristela Florentino Marques -ID:3 [] []
[2018-12-04 08:54:45] AÇÕES.WARNING: Novo Produto: - Usuário: Maristela Florentino Marques -ID:3 [] []
[2018-12-04 09:03:59] AÇÕES.WARNING: Novo Fornecedor: - Usuário: Maristela Florentino Marques -ID:3 [] []
[2018-12-04 09:07:48] AÇÕES.WARNING: Novo Produto: - Usuário: Maristela Florentino Marques -ID:3 [] []
[2018-12-04 09:12:53] AÇÕES.WARNING: Novo Produto: - Usuário: Maristela Florentino Marques -ID:3 [] []
[2018-12-04 09:18:20] AÇÕES.WARNING: Novo Fornecedor: - Usuário: Maristela Florentino Marques -ID:3 [] []
[2018-12-04 09:20:23] AÇÕES.WARNING: Novo Produto: - Usuário: Maristela Florentino Marques -ID:3 [] []
[2018-12-04 09:28:07] AÇÕES.WARNING: Novo Fornecedor: - Usuário: Maristela Florentino Marques -ID:3 [] []
[2018-12-04 09:29:18] AÇÕES.WARNING: Novo Produto: - Usuário: Maristela Florentino Marques -ID:3 [] []
[2018-12-04 09:33:40] AÇÕES.WARNING: Novo Produto: - Usuário: Maristela Florentino Marques -ID:3 [] []
[2018-12-04 09:52:50] AÇÕES.WARNING: Novo Fornecedor: - Usuário: Maristela Florentino Marques -ID:3 [] []
[2018-12-04 09:54:23] AÇÕES.WARNING: Novo Produto: - Usuário: Maristela Florentino Marques -ID:3 [] []
[2018-12-04 10:29:59] AÇÕES.WARNING: Novo Fornecedor: - Usuário: Maristela Florentino Marques -ID:3 [] []
[2018-12-04 10:45:37] AÇÕES.WARNING: Novo Produto: - Usuário: Maristela Florentino Marques -ID:3 [] []
[2018-12-04 10:53:20] AÇÕES.WARNING: Novo Produto: - Usuário: Maristela Florentino Marques -ID:3 [] []
[2018-12-04 10:54:03] AÇÕES.WARNING: Atualização de Produto: - Usuário: Maristela Florentino Marques -ID:3 [] []
[2018-12-04 11:00:34] AÇÕES.WARNING: Novo Produto: - Usuário: Maristela Florentino Marques -ID:3 [] []
[2018-12-04 11:11:10] AÇÕES.WARNING: Novo Fornecedor: - Usuário: Maristela Florentino Marques -ID:3 [] []
[2018-12-04 11:12:52] AÇÕES.WARNING: Novo Produto: - Usuário: Maristela Florentino Marques -ID:3 [] []
[2018-12-04 11:19:49] AÇÕES.WARNING: Novo Produto: - Usuário: Maristela Florentino Marques -ID:3 [] []
[2018-12-04 11:45:52] AÇÕES.WARNING: Novo Fornecedor: - Usuário: Maristela Florentino Marques -ID:3 [] []
[2018-12-04 11:47:56] AÇÕES.WARNING: Novo Grupo de Produto: - Usuário: Maristela Florentino Marques -ID:3 [] []
[2018-12-04 11:57:17] AÇÕES.WARNING: Nova Venda: - Usuário: Maristela Florentino Marques -ID:3 [] []
[2018-12-04 11:57:39] AÇÕES.WARNING: Adicionado Produto a Venda: - Usuário: Maristela Florentino Marques -ID:3 [] []
[2018-12-04 14:03:37] AÇÕES.WARNING: Novo Produto: - Usuário: Maristela Florentino Marques -ID:3 [] []
[2018-12-04 14:07:15] AÇÕES.WARNING: Novo Produto: - Usuário: Maristela Florentino Marques -ID:3 [] []
[2018-12-04 14:09:36] AÇÕES.WARNING: Novo Produto: - Usuário: Maristela Florentino Marques -ID:3 [] []
[2018-12-04 14:44:10] AÇÕES.WARNING: Novo Produto: - Usuário: Maristela Florentino Marques -ID:3 [] []
[2018-12-04 15:15:33] AÇÕES.WARNING: Novo Produto: - Usuário: Maristela Florentino Marques -ID:3 [] []
[2018-12-04 15:35:20] AÇÕES.WARNING: Novo Produto: - Usuário: Maristela Florentino Marques -ID:3 [] []
[2018-12-04 15:49:36] AÇÕES.WARNING: Novo Fornecedor: - Usuário: Maristela Florentino Marques -ID:3 [] []
[2018-12-04 15:50:36] AÇÕES.WARNING: Atualização de Produto: - Usuário: Maristela Florentino Marques -ID:3 [] []
[2018-12-04 16:23:14] AÇÕES.WARNING: Cliente Cadastrado: - Usuário: Maristela Florentino Marques -ID:3 [] []
[2018-12-04 16:23:55] AÇÕES.WARNING: Nova Venda: - Usuário: Maristela Florentino Marques -ID:3 [] []
[2018-12-04 16:24:25] AÇÕES.WARNING: Adicionado Produto a Venda: - Usuário: Maristela Florentino Marques -ID:3 [] []
[2018-12-04 19:19:52] AÇÕES.WARNING: Novo Fornecedor: - Usuário: Maristela Florentino Marques -ID:3 [] []
[2018-12-04 19:21:26] AÇÕES.WARNING: Novo Grupo de Produto: - Usuário: Maristela Florentino Marques -ID:3 [] []
[2018-12-04 19:21:49] AÇÕES.WARNING: Novo Grupo de Produto: - Usuário: Maristela Florentino Marques -ID:3 [] []
[2018-12-04 19:23:04] AÇÕES.WARNING: Novo Produto: - Usuário: Maristela Florentino Marques -ID:3 [] []
[2018-12-05 11:58:22] AÇÕES.WARNING: Novo Fornecedor: - Usuário: Maristela Florentino Marques -ID:3 [] []
[2018-12-05 11:59:53] AÇÕES.WARNING: Fornecedor Atualizado: - Usuário: Maristela Florentino Marques -ID:3 [] []
[2018-12-05 12:03:27] AÇÕES.WARNING: Novo Produto: - Usuário: Maristela Florentino Marques -ID:3 [] []
[2018-12-05 12:27:18] AÇÕES.WARNING: Novo Produto: - Usuário: Maristela Florentino Marques -ID:3 [] []
[2018-12-05 12:42:11] AÇÕES.WARNING: Novo Produto: - Usuário: Maristela Florentino Marques -ID:3 [] []
[2018-12-05 12:44:03] AÇÕES.WARNING: Novo Produto: - Usuário: Maristela Florentino Marques -ID:3 [] []
[2018-12-05 12:50:17] AÇÕES.WARNING: Novo Produto: - Usuário: Maristela Florentino Marques -ID:3 [] []
[2018-12-05 15:51:33] AÇÕES.WARNING: Novo Produto: - Usuário: Maristela Florentino Marques -ID:3 [] []
[2018-12-05 16:56:53] AÇÕES.WARNING: Atualização de Produto: - Usuário: Maristela Florentino Marques -ID:3 [] []
[2018-12-06 14:19:49] AÇÕES.WARNING: Nova Venda: - Usuário: Maristela Florentino Marques -ID:3 [] []
[2018-12-06 14:20:21] AÇÕES.WARNING: Nova Venda: - Usuário: Maristela Florentino Marques -ID:3 [] []
[2018-12-06 14:21:01] AÇÕES.WARNING: Adicionado Produto a Venda: - Usuário: Maristela Florentino Marques -ID:3 [] []
[2018-12-06 14:35:30] AÇÕES.WARNING: Novo Fornecedor: - Usuário: Maristela Florentino Marques -ID:3 [] []
[2018-12-06 14:39:31] AÇÕES.WARNING: Novo Produto: - Usuário: Maristela Florentino Marques -ID:3 [] []
[2018-12-06 14:42:27] AÇÕES.WARNING: Novo Produto: - Usuário: Maristela Florentino Marques -ID:3 [] []
[2018-12-06 14:49:33] AÇÕES.WARNING: Novo Produto: - Usuário: Maristela Florentino Marques -ID:3 [] []
[2018-12-06 15:47:15] AÇÕES.WARNING: Cliente Cadastrado: - Usuário: Maristela Florentino Marques -ID:3 [] []
[2018-12-06 15:47:28] AÇÕES.WARNING: Nova Venda: - Usuário: Maristela Florentino Marques -ID:3 [] []
[2018-12-06 15:48:09] AÇÕES.WARNING: Adicionado Produto a Venda: - Usuário: Maristela Florentino Marques -ID:3 [] []
[2018-12-06 15:49:34] AÇÕES.WARNING: Adicionado Produto a Venda: - Usuário: Maristela Florentino Marques -ID:3 [] []
[2018-12-06 15:49:58] AÇÕES.WARNING: Adicionado Produto a Venda: - Usuário: Maristela Florentino Marques -ID:3 [] []
[2018-12-07 14:11:43] AÇÕES.WARNING: Nova Venda: - Usuário: Maristela Florentino Marques -ID:3 [] []
[2018-12-07 14:11:58] AÇÕES.WARNING: Adicionado Produto a Venda: - Usuário: Maristela Florentino Marques -ID:3 [] []
[2018-12-07 14:12:13] AÇÕES.WARNING: Adicionado Produto a Venda: - Usuário: Maristela Florentino Marques -ID:3 [] []
[2018-12-07 14:12:50] AÇÕES.WARNING: Adicionado Produto a Venda: - Usuário: Maristela Florentino Marques -ID:3 [] []
[2018-12-07 14:14:18] AÇÕES.WARNING: Removido Produto da Venda: - Usuário: Maristela Florentino Marques -ID:3 [] []
[2018-12-07 14:14:39] AÇÕES.WARNING: Nova Venda: - Usuário: Maristela Florentino Marques -ID:3 [] []
[2018-12-07 14:15:10] AÇÕES.WARNING: Adicionado Produto a Venda: - Usuário: Maristela Florentino Marques -ID:3 [] []
[2018-12-08 11:30:28] AÇÕES.WARNING: Nova Venda: - Usuário: Maristela Florentino Marques -ID:3 [] []
[2018-12-08 11:30:44] AÇÕES.WARNING: Adicionado Produto a Venda: - Usuário: Maristela Florentino Marques -ID:3 [] []
[2018-12-08 11:31:04] AÇÕES.WARNING: Nova Venda: - Usuário: Maristela Florentino Marques -ID:3 [] []
[2018-12-08 11:32:10] AÇÕES.WARNING: Adicionado Produto a Venda: - Usuário: Maristela Florentino Marques -ID:3 [] []
[2018-12-08 11:32:27] AÇÕES.WARNING: Nova Venda: - Usuário: Maristela Florentino Marques -ID:3 [] []
[2018-12-08 11:33:12] AÇÕES.WARNING: Adicionado Produto a Venda: - Usuário: Maristela Florentino Marques -ID:3 [] []
[2018-12-08 12:04:54] AÇÕES.WARNING: Novo Produto: - Usuário: Maristela Florentino Marques -ID:3 [] []
[2018-12-08 12:41:42] AÇÕES.WARNING: Novo Produto: - Usuário: Maristela Florentino Marques -ID:3 [] []
[2018-12-08 12:45:28] AÇÕES.WARNING: Novo Produto: - Usuário: Maristela Florentino Marques -ID:3 [] []
[2018-12-08 14:35:23] AÇÕES.WARNING: Novo Fornecedor: - Usuário: Maristela Florentino Marques -ID:3 [] []
[2018-12-08 14:37:11] AÇÕES.WARNING: Novo Produto: - Usuário: Maristela Florentino Marques -ID:3 [] []
[2018-12-08 14:41:19] AÇÕES.WARNING: Novo Produto: - Usuário: Maristela Florentino Marques -ID:3 [] []
[2018-12-08 14:46:48] AÇÕES.WARNING: Novo Produto: - Usuário: Maristela Florentino Marques -ID:3 [] []
[2018-12-08 14:55:04] AÇÕES.WARNING: Nova Venda: - Usuário: Maristela Florentino Marques -ID:3 [] []
[2018-12-08 14:55:24] AÇÕES.WARNING: Adicionado Produto a Venda: - Usuário: Maristela Florentino Marques -ID:3 [] []
[2018-12-08 14:55:49] AÇÕES.WARNING: Adicionado Produto a Venda: - Usuário: Maristela Florentino Marques -ID:3 [] []
[2018-12-08 15:14:21] AÇÕES.WARNING: Cliente Cadastrado: - Usuário: Maristela Florentino Marques -ID:3 [] []
[2018-12-08 15:14:30] AÇÕES.WARNING: Cliente Excluído: - Usuário: Maristela Florentino Marques -ID:3 [] []
[2018-12-08 15:15:01] AÇÕES.WARNING: Cliente Excluído: - Usuário: Maristela Florentino Marques -ID:3 [] []
[2018-12-08 15:16:19] AÇÕES.WARNING: Cliente Excluído: - Usuário: Maristela Florentino Marques -ID:3 [] []
[2018-12-08 15:16:42] AÇÕES.WARNING: Nova Venda: - Usuário: Maristela Florentino Marques -ID:3 [] []
[2018-12-08 15:27:47] AÇÕES.WARNING: Adicionado Produto a Venda: - Usuário: Maristela Florentino Marques -ID:3 [] []
[2018-12-08 15:52:13] AÇÕES.WARNING: Novo Produto: - Usuário: Maristela Florentino Marques -ID:3 [] []
[2018-12-08 16:06:35] AÇÕES.WARNING: Novo Produto: - Usuário: Maristela Florentino Marques -ID:3 [] []
[2018-12-08 16:16:44] AÇÕES.WARNING: Novo Produto: - Usuário: Maristela Florentino Marques -ID:3 [] []
[2018-12-08 16:48:48] AÇÕES.WARNING: Novo Produto: - Usuário: Maristela Florentino Marques -ID:3 [] []
[2018-12-08 16:54:15] AÇÕES.WARNING: Novo Produto: - Usuário: Maristela Florentino Marques -ID:3 [] []
[2018-12-08 17:01:40] AÇÕES.WARNING: Novo Produto: - Usuário: Maristela Florentino Marques -ID:3 [] []
[2018-12-08 17:07:28] AÇÕES.WARNING: Nova Venda: - Usuário: Maristela Florentino Marques -ID:3 [] []
[2018-12-08 17:07:47] AÇÕES.WARNING: Adicionado Produto a Venda: - Usuário: Maristela Florentino Marques -ID:3 [] []
[2018-12-08 17:30:12] AÇÕES.WARNING: Novo Grupo de Produto: - Usuário: Maristela Florentino Marques -ID:3 [] []
[2018-12-08 17:31:27] AÇÕES.WARNING: Novo Produto: - Usuário: Maristela Florentino Marques -ID:3 [] []
[2018-12-08 18:06:19] AÇÕES.WARNING: Cliente Cadastrado: - Usuário: Maristela Florentino Marques -ID:3 [] []
[2018-12-08 18:06:47] AÇÕES.WARNING: Nova Venda: - Usuário: Maristela Florentino Marques -ID:3 [] []
[2018-12-08 18:08:06] AÇÕES.WARNING: Adicionado Produto a Venda: - Usuário: Maristela Florentino Marques -ID:3 [] []
[2018-12-08 18:33:45] AÇÕES.WARNING: Cliente Cadastrado: - Usuário: Maristela Florentino Marques -ID:3 [] []
[2018-12-08 18:34:00] AÇÕES.WARNING: Nova Venda: - Usuário: Maristela Florentino Marques -ID:3 [] []
[2018-12-08 18:34:11] AÇÕES.WARNING: Adicionado Produto a Venda: - Usuário: Maristela Florentino Marques -ID:3 [] []
[2018-12-08 19:12:48] AÇÕES.WARNING: Novo Produto: - Usuário: Maristela Florentino Marques -ID:3 [] []
[2018-12-10 09:38:12] AÇÕES.WARNING: Nova Venda: - Usuário: Maristela Florentino Marques -ID:3 [] []
[2018-12-10 09:38:37] AÇÕES.WARNING: Adicionado Produto a Venda: - Usuário: Maristela Florentino Marques -ID:3 [] []
[2018-12-10 09:39:02] AÇÕES.WARNING: Adicionado Produto a Venda: - Usuário: Maristela Florentino Marques -ID:3 [] []
[2018-12-10 09:40:34] AÇÕES.WARNING: Adicionado Produto a Venda: - Usuário: Maristela Florentino Marques -ID:3 [] []
[2018-12-10 12:31:41] AÇÕES.WARNING: Nova Venda: - Usuário: Maristela Florentino Marques -ID:3 [] []
[2018-12-10 12:31:54] AÇÕES.WARNING: Adicionado Produto a Venda: - Usuário: Maristela Florentino Marques -ID:3 [] []
[2018-12-10 18:54:43] AÇÕES.WARNING: Cliente Cadastrado: - Usuário: Maristela Florentino Marques -ID:3 [] []
[2018-12-10 18:55:55] AÇÕES.WARNING: Nova Venda: - Usuário: Maristela Florentino Marques -ID:3 [] []
[2018-12-10 18:59:45] AÇÕES.WARNING: Adicionado Produto a Venda: - Usuário: Maristela Florentino Marques -ID:3 [] []
[2018-12-10 19:01:06] AÇÕES.WARNING: Adicionado Produto a Venda: - Usuário: Maristela Florentino Marques -ID:3 [] []
[2018-12-11 11:02:51] AÇÕES.WARNING: Nova Venda: - Usuário: Maristela Florentino Marques -ID:3 [] []
[2018-12-11 11:03:12] AÇÕES.WARNING: Adicionado Produto a Venda: - Usuário: Maristela Florentino Marques -ID:3 [] []
[2018-12-11 11:04:33] AÇÕES.WARNING: Novo Produto: - Usuário: Maristela Florentino Marques -ID:3 [] []
[2018-12-11 12:05:41] AÇÕES.WARNING: Cliente Cadastrado: - Usuário: Maristela Florentino Marques -ID:3 [] []
[2018-12-11 12:05:53] AÇÕES.WARNING: Nova Venda: - Usuário: Maristela Florentino Marques -ID:3 [] []
[2018-12-11 12:06:14] AÇÕES.WARNING: Adicionado Produto a Venda: - Usuário: Maristela Florentino Marques -ID:3 [] []
[2018-12-11 12:07:05] AÇÕES.WARNING: Adicionado Produto a Venda: - Usuário: Maristela Florentino Marques -ID:3 [] []
[2018-12-11 13:33:38] AÇÕES.WARNING: Nova Venda: - Usuário: sa -ID:6 [] []
[2018-12-11 13:34:01] AÇÕES.WARNING: Venda Excluida: - Usuário: sa -ID:6 [] []
[2018-12-11 19:00:34] AÇÕES.WARNING: Nova Venda: - Usuário: Maristela Florentino Marques -ID:3 [] []
[2018-12-11 19:00:47] AÇÕES.WARNING: Adicionado Produto a Venda: - Usuário: Maristela Florentino Marques -ID:3 [] []
[2018-12-11 19:01:21] AÇÕES.WARNING: Adicionado Produto a Venda: - Usuário: Maristela Florentino Marques -ID:3 [] []
[2018-12-11 20:56:06] AÇÕES.WARNING: Nova Venda: - Usuário: Maristela Florentino Marques -ID:3 [] []
[2018-12-11 20:56:30] AÇÕES.WARNING: Adicionado Produto a Venda: - Usuário: Maristela Florentino Marques -ID:3 [] []
[2018-12-11 20:57:02] AÇÕES.WARNING: Adicionado Produto a Venda: - Usuário: Maristela Florentino Marques -ID:3 [] []
[2018-12-11 20:57:29] AÇÕES.WARNING: Removido Produto da Venda: - Usuário: Maristela Florentino Marques -ID:3 [] []
[2018-12-12 17:31:34] AÇÕES.WARNING: Nova Venda: - Usuário: Maristela Florentino Marques -ID:3 [] []
[2018-12-12 17:33:14] AÇÕES.WARNING: Adicionado Produto a Venda: - Usuário: Maristela Florentino Marques -ID:3 [] []
[2018-12-12 17:33:41] AÇÕES.WARNING: Adicionado Produto a Venda: - Usuário: Maristela Florentino Marques -ID:3 [] []
[2018-12-13 12:18:19] AÇÕES.WARNING: Cliente Cadastrado: - Usuário: Maristela Florentino Marques -ID:3 [] []
[2018-12-13 12:18:31] AÇÕES.WARNING: Nova Venda: - Usuário: Maristela Florentino Marques -ID:3 [] []
[2018-12-13 12:19:02] AÇÕES.WARNING: Adicionado Produto a Venda: - Usuário: Maristela Florentino Marques -ID:3 [] []
[2018-12-13 12:19:43] AÇÕES.WARNING: Adicionado Produto a Venda: - Usuário: Maristela Florentino Marques -ID:3 [] []
[2018-12-13 12:19:56] AÇÕES.WARNING: Adicionado Produto a Venda: - Usuário: Maristela Florentino Marques -ID:3 [] []
[2018-12-13 12:20:07] AÇÕES.WARNING: Removido Produto da Venda: - Usuário: Maristela Florentino Marques -ID:3 [] []
[2018-12-13 12:20:23] AÇÕES.WARNING: Adicionado Produto a Venda: - Usuário: Maristela Florentino Marques -ID:3 [] []
[2018-12-13 12:21:22] AÇÕES.WARNING: Adicionado Produto a Venda: - Usuário: Maristela Florentino Marques -ID:3 [] []
[2018-12-13 12:22:01] AÇÕES.WARNING: Adicionado Produto a Venda: - Usuário: Maristela Florentino Marques -ID:3 [] []
[2018-12-13 12:22:13] AÇÕES.WARNING: Adicionado Produto a Venda: - Usuário: Maristela Florentino Marques -ID:3 [] []
[2018-12-13 12:33:53] AÇÕES.WARNING: Adicionado Produto a Venda: - Usuário: Maristela Florentino Marques -ID:3 [] []
[2018-12-13 12:34:49] AÇÕES.WARNING: Adicionado Produto a Venda: - Usuário: Maristela Florentino Marques -ID:3 [] []
[2018-12-13 12:55:02] AÇÕES.WARNING: Nova Venda: - Usuário: Maristela Florentino Marques -ID:3 [] []
[2018-12-13 12:55:13] AÇÕES.WARNING: Adicionado Produto a Venda: - Usuário: Maristela Florentino Marques -ID:3 [] []
[2018-12-13 14:41:25] AÇÕES.WARNING: Cliente Cadastrado: - Usuário: Maristela Florentino Marques -ID:3 [] []
[2018-12-13 14:42:57] AÇÕES.WARNING: Nova Venda: - Usuário: Maristela Florentino Marques -ID:3 [] []
[2018-12-13 14:43:14] AÇÕES.WARNING: Adicionado Produto a Venda: - Usuário: Maristela Florentino Marques -ID:3 [] []
[2018-12-13 15:35:55] AÇÕES.WARNING: Nova Venda: - Usuário: Maristela Florentino Marques -ID:3 [] []
[2018-12-13 15:36:29] AÇÕES.WARNING: Adicionado Produto a Venda: - Usuário: Maristela Florentino Marques -ID:3 [] []
[2018-12-14 12:35:29] AÇÕES.WARNING: Nova Venda: - Usuário: Maristela Florentino Marques -ID:3 [] []
[2018-12-14 12:36:17] AÇÕES.WARNING: Adicionado Produto a Venda: - Usuário: Maristela Florentino Marques -ID:3 [] []
[2018-12-14 12:38:03] AÇÕES.WARNING: Adicionado Produto a Venda: - Usuário: Maristela Florentino Marques -ID:3 [] []
[2018-12-14 13:41:13] AÇÕES.WARNING: Nova Venda: - Usuário: Maristela Florentino Marques -ID:3 [] []
[2018-12-14 13:41:57] AÇÕES.WARNING: Adicionado Produto a Venda: - Usuário: Maristela Florentino Marques -ID:3 [] []
[2018-12-14 13:42:20] AÇÕES.WARNING: Nova Venda: - Usuário: Maristela Florentino Marques -ID:3 [] []
[2018-12-14 13:42:47] AÇÕES.WARNING: Adicionado Produto a Venda: - Usuário: Maristela Florentino Marques -ID:3 [] []
[2018-12-15 14:13:07] AÇÕES.WARNING: Nova Venda: - Usuário: Maristela Florentino Marques -ID:3 [] []
[2018-12-15 14:13:34] AÇÕES.WARNING: Adicionado Produto a Venda: - Usuário: Maristela Florentino Marques -ID:3 [] []
[2018-12-17 12:58:13] AÇÕES.WARNING: Nova Venda: - Usuário: Maristela Florentino Marques -ID:3 [] []
[2018-12-17 12:58:35] AÇÕES.WARNING: Adicionado Produto a Venda: - Usuário: Maristela Florentino Marques -ID:3 [] []
[2018-12-17 12:58:54] AÇÕES.WARNING: Nova Venda: - Usuário: Maristela Florentino Marques -ID:3 [] []
[2018-12-17 12:59:10] AÇÕES.WARNING: Adicionado Produto a Venda: - Usuário: Maristela Florentino Marques -ID:3 [] []
[2018-12-17 13:18:43] AÇÕES.WARNING: Nova Venda: - Usuário: Maristela Florentino Marques -ID:3 [] []
[2018-12-17 13:19:21] AÇÕES.WARNING: Adicionado Produto a Venda: - Usuário: Maristela Florentino Marques -ID:3 [] []
[2018-12-17 13:19:33] AÇÕES.WARNING: Adicionado Produto a Venda: - Usuário: Maristela Florentino Marques -ID:3 [] []
[2018-12-17 13:20:01] AÇÕES.WARNING: Adicionado Produto a Venda: - Usuário: Maristela Florentino Marques -ID:3 [] []
[2018-12-17 18:12:56] AÇÕES.WARNING: Cliente Cadastrado: - Usuário: Maristela Florentino Marques -ID:3 [] []
[2018-12-17 18:13:11] AÇÕES.WARNING: Nova Venda: - Usuário: Maristela Florentino Marques -ID:3 [] []
[2018-12-17 18:13:23] AÇÕES.WARNING: Adicionado Produto a Venda: - Usuário: Maristela Florentino Marques -ID:3 [] []
[2018-12-17 18:13:36] AÇÕES.WARNING: Adicionado Produto a Venda: - Usuário: Maristela Florentino Marques -ID:3 [] []
[2018-12-17 18:15:11] AÇÕES.WARNING: Nova Venda: - Usuário: Maristela Florentino Marques -ID:3 [] []
[2018-12-17 18:15:43] AÇÕES.WARNING: Adicionado Produto a Venda: - Usuário: Maristela Florentino Marques -ID:3 [] []
[2018-12-17 18:16:07] AÇÕES.WARNING: Adicionado Produto a Venda: - Usuário: Maristela Florentino Marques -ID:3 [] []
[2018-12-18 12:15:57] AÇÕES.WARNING: Nova Venda: - Usuário: Maristela Florentino Marques -ID:3 [] []
[2018-12-18 12:16:16] AÇÕES.WARNING: Adicionado Produto a Venda: - Usuário: Maristela Florentino Marques -ID:3 [] []
[2018-12-19 14:36:52] AÇÕES.WARNING: Nova Venda: - Usuário: Maristela Florentino Marques -ID:3 [] []
[2018-12-19 14:41:27] AÇÕES.WARNING: Adicionado Produto a Venda: - Usuário: Maristela Florentino Marques -ID:3 [] []
[2018-12-19 14:41:46] AÇÕES.WARNING: Adicionado Produto a Venda: - Usuário: Maristela Florentino Marques -ID:3 [] []
[2018-12-19 14:42:23] AÇÕES.WARNING: Adicionado Produto a Venda: - Usuário: Maristela Florentino Marques -ID:3 [] []
[2018-12-19 14:42:41] AÇÕES.WARNING: Adicionado Produto a Venda: - Usuário: Maristela Florentino Marques -ID:3 [] []
[2018-12-20 12:20:49] AÇÕES.WARNING: Nova Venda: - Usuário: Maristela Florentino Marques -ID:3 [] []
[2018-12-20 12:37:55] AÇÕES.WARNING: Adicionado Produto a Venda: - Usuário: Maristela Florentino Marques -ID:3 [] []
[2018-12-20 12:38:26] AÇÕES.WARNING: Adicionado Produto a Venda: - Usuário: Maristela Florentino Marques -ID:3 [] []
[2018-12-20 12:38:36] AÇÕES.WARNING: Adicionado Produto a Venda: - Usuário: Maristela Florentino Marques -ID:3 [] []
[2018-12-20 12:38:50] AÇÕES.WARNING: Adicionado Produto a Venda: - Usuário: Maristela Florentino Marques -ID:3 [] []
[2018-12-20 14:29:04] AÇÕES.WARNING: Nova Venda: - Usuário: Maristela Florentino Marques -ID:3 [] []
[2018-12-20 14:29:42] AÇÕES.WARNING: Adicionado Produto a Venda: - Usuário: Maristela Florentino Marques -ID:3 [] []
[2018-12-20 14:31:04] AÇÕES.WARNING: Adicionado Produto a Venda: - Usuário: Maristela Florentino Marques -ID:3 [] []
[2018-12-21 12:30:08] AÇÕES.WARNING: Nova Venda: - Usuário: Maristela Florentino Marques -ID:3 [] []
[2018-12-21 18:04:35] AÇÕES.WARNING: Nova Venda: - Usuário: Maristela Florentino Marques -ID:3 [] []
[2018-12-21 18:05:29] AÇÕES.WARNING: Adicionado Produto a Venda: - Usuário: Maristela Florentino Marques -ID:3 [] []
[2018-12-21 18:12:07] AÇÕES.WARNING: Nova Venda: - Usuário: Maristela Florentino Marques -ID:3 [] []
[2018-12-21 19:15:43] AÇÕES.WARNING: Adicionado Produto a Venda: - Usuário: Maristela Florentino Marques -ID:3 [] []
[2018-12-21 19:15:59] AÇÕES.WARNING: Adicionado Produto a Venda: - Usuário: Maristela Florentino Marques -ID:3 [] []
[2018-12-21 19:16:23] AÇÕES.WARNING: Adicionado Produto a Venda: - Usuário: Maristela Florentino Marques -ID:3 [] []
[2018-12-21 19:17:57] AÇÕES.WARNING: Adicionado Produto a Venda: - Usuário: Maristela Florentino Marques -ID:3 [] []
[2018-12-22 14:00:37] AÇÕES.WARNING: Nova Venda: - Usuário: Maristela Florentino Marques -ID:3 [] []
[2018-12-22 14:00:45] AÇÕES.WARNING: Adicionado Produto a Venda: - Usuário: Maristela Florentino Marques -ID:3 [] []
[2018-12-22 14:01:24] AÇÕES.WARNING: Venda Excluida: - Usuário: Maristela Florentino Marques -ID:3 [] []
[2018-12-22 14:01:30] AÇÕES.WARNING: Venda Excluida: - Usuário: Maristela Florentino Marques -ID:3 [] []
[2018-12-22 14:01:36] AÇÕES.WARNING: Venda Excluida: - Usuário: Maristela Florentino Marques -ID:3 [] []
[2018-12-22 14:01:44] AÇÕES.WARNING: Venda Excluida: - Usuário: Maristela Florentino Marques -ID:3 [] []
[2018-12-22 14:01:49] AÇÕES.WARNING: Venda Excluida: - Usuário: Maristela Florentino Marques -ID:3 [] []
[2018-12-22 14:01:52] AÇÕES.WARNING: Venda Excluida: - Usuário: Maristela Florentino Marques -ID:3 [] []
[2018-12-22 14:11:13] AÇÕES.WARNING: Nova Venda: - Usuário: Maristela Florentino Marques -ID:3 [] []
[2018-12-22 14:11:49] AÇÕES.WARNING: Adicionado Produto a Venda: - Usuário: Maristela Florentino Marques -ID:3 [] []
[2018-12-24 10:54:02] AÇÕES.WARNING: Nova Venda: - Usuário: Maristela Florentino Marques -ID:3 [] []
[2018-12-24 10:54:17] AÇÕES.WARNING: Adicionado Produto a Venda: - Usuário: Maristela Florentino Marques -ID:3 [] []
[2018-12-24 11:02:01] AÇÕES.WARNING: Nova Venda: - Usuário: Maristela Florentino Marques -ID:3 [] []
[2018-12-24 11:02:10] AÇÕES.WARNING: Adicionado Produto a Venda: - Usuário: Maristela Florentino Marques -ID:3 [] []
[2018-12-26 10:23:54] AÇÕES.WARNING: Nova Venda: - Usuário: Maristela Florentino Marques -ID:3 [] []
[2018-12-26 10:24:26] AÇÕES.WARNING: Adicionado Produto a Venda: - Usuário: Maristela Florentino Marques -ID:3 [] []
[2018-12-27 09:16:13] AÇÕES.WARNING: Nova Venda: - Usuário: Maristela Florentino Marques -ID:3 [] []
[2018-12-27 09:16:24] AÇÕES.WARNING: Adicionado Produto a Venda: - Usuário: Maristela Florentino Marques -ID:3 [] []
[2018-12-27 09:16:50] AÇÕES.WARNING: Adicionado Produto a Venda: - Usuário: Maristela Florentino Marques -ID:3 [] []
[2018-12-27 09:17:45] AÇÕES.WARNING: Nova Venda: - Usuário: Maristela Florentino Marques -ID:3 [] []
[2018-12-27 09:18:23] AÇÕES.WARNING: Adicionado Produto a Venda: - Usuário: Maristela Florentino Marques -ID:3 [] []
[2018-12-27 09:18:48] AÇÕES.WARNING: Adicionado Produto a Venda: - Usuário: Maristela Florentino Marques -ID:3 [] []
[2018-12-27 09:19:31] AÇÕES.WARNING: Nova Venda: - Usuário: Maristela Florentino Marques -ID:3 [] []
[2018-12-27 09:22:14] AÇÕES.WARNING: Adicionado Produto a Venda: - Usuário: Maristela Florentino Marques -ID:3 [] []
[2018-12-27 09:22:52] AÇÕES.WARNING: Adicionado Produto a Venda: - Usuário: Maristela Florentino Marques -ID:3 [] []
[2018-12-27 09:23:21] AÇÕES.WARNING: Adicionado Produto a Venda: - Usuário: Maristela Florentino Marques -ID:3 [] []
[2018-12-27 09:24:48] AÇÕES.WARNING: Nova Venda: - Usuário: Maristela Florentino Marques -ID:3 [] []
[2018-12-27 11:44:48] AÇÕES.WARNING: Nova Venda: - Usuário: Maristela Florentino Marques -ID:3 [] []
[2018-12-27 11:44:59] AÇÕES.WARNING: Adicionado Produto a Venda: - Usuário: Maristela Florentino Marques -ID:3 [] []
[2018-12-27 11:45:17] AÇÕES.WARNING: Venda Excluida: - Usuário: Maristela Florentino Marques -ID:3 [] []
[2018-12-27 11:45:31] AÇÕES.WARNING: Venda Excluida: - Usuário: Maristela Florentino Marques -ID:3 [] []
[2018-12-27 13:13:36] AÇÕES.WARNING: Nova Venda: - Usuário: Maristela Florentino Marques -ID:3 [] []
[2018-12-27 13:14:16] AÇÕES.WARNING: Adicionado Produto a Venda: - Usuário: Maristela Florentino Marques -ID:3 [] []
[2018-12-27 13:53:32] AÇÕES.WARNING: Removido Produto da Venda: - Usuário: Maristela Florentino Marques -ID:3 [] []
[2018-12-27 13:53:54] AÇÕES.WARNING: Adicionado Produto a Venda: - Usuário: Maristela Florentino Marques -ID:3 [] []
[2018-12-27 14:49:04] AÇÕES.WARNING: Nova Venda: - Usuário: Maristela Florentino Marques -ID:3 [] []
[2018-12-27 14:49:15] AÇÕES.WARNING: Adicionado Produto a Venda: - Usuário: Maristela Florentino Marques -ID:3 [] []
[2018-12-27 14:49:25] AÇÕES.WARNING: Adicionado Produto a Venda: - Usuário: Maristela Florentino Marques -ID:3 [] []
[2018-12-28 17:03:22] AÇÕES.WARNING: Nova Venda: - Usuário: Maristela Florentino Marques -ID:3 [] []
[2018-12-28 17:03:31] AÇÕES.WARNING: Adicionado Produto a Venda: - Usuário: Maristela Florentino Marques -ID:3 [] []
[2018-12-29 12:37:44] AÇÕES.WARNING: Nova Venda: - Usuário: Maristela Florentino Marques -ID:3 [] []
[2018-12-29 12:38:58] AÇÕES.WARNING: Adicionado Produto a Venda: - Usuário: Maristela Florentino Marques -ID:3 [] []
[2018-12-29 12:39:22] AÇÕES.WARNING: Adicionado Produto a Venda: - Usuário: Maristela Florentino Marques -ID:3 [] []
[2018-12-29 12:39:38] AÇÕES.WARNING: Adicionado Produto a Venda: - Usuário: Maristela Florentino Marques -ID:3 [] []
[2018-12-29 12:39:53] AÇÕES.WARNING: Adicionado Produto a Venda: - Usuário: Maristela Florentino Marques -ID:3 [] []
[2018-12-29 12:40:16] AÇÕES.WARNING: Adicionado Produto a Venda: - Usuário: Maristela Florentino Marques -ID:3 [] []
[2018-12-29 12:40:34] AÇÕES.WARNING: Adicionado Produto a Venda: - Usuário: Maristela Florentino Marques -ID:3 [] []
[2018-12-29 12:41:02] AÇÕES.WARNING: Adicionado Produto a Venda: - Usuário: Maristela Florentino Marques -ID:3 [] []
[2018-12-29 13:02:39] AÇÕES.WARNING: Nova Venda: - Usuário: Maristela Florentino Marques -ID:3 [] []
[2018-12-29 13:02:50] AÇÕES.WARNING: Adicionado Produto a Venda: - Usuário: Maristela Florentino Marques -ID:3 [] []
[2018-12-29 13:02:57] AÇÕES.WARNING: Removido Produto da Venda: - Usuário: Maristela Florentino Marques -ID:3 [] []
[2018-12-29 13:03:27] AÇÕES.WARNING: Adicionado Produto a Venda: - Usuário: Maristela Florentino Marques -ID:3 [] []
[2018-12-29 15:02:50] AÇÕES.WARNING: Nova Venda: - Usuário: Maristela Florentino Marques -ID:3 [] []
[2018-12-29 15:03:00] AÇÕES.WARNING: Adicionado Produto a Venda: - Usuário: Maristela Florentino Marques -ID:3 [] []
[2018-12-29 15:07:26] AÇÕES.WARNING: Nova Venda: - Usuário: Maristela Florentino Marques -ID:3 [] []
[2018-12-29 15:07:36] AÇÕES.WARNING: Adicionado Produto a Venda: - Usuário: Maristela Florentino Marques -ID:3 [] []
[2018-12-29 18:15:13] AÇÕES.WARNING: Nova Venda: - Usuário: Maristela Florentino Marques -ID:3 [] []
[2018-12-31 12:28:54] AÇÕES.WARNING: Nova Venda: - Usuário: Maristela Florentino Marques -ID:3 [] []
[2018-12-31 12:29:22] AÇÕES.WARNING: Adicionado Produto a Venda: - Usuário: Maristela Florentino Marques -ID:3 [] []
[2018-12-31 13:10:15] AÇÕES.WARNING: Nova Venda: - Usuário: Maristela Florentino Marques -ID:3 [] []
[2018-12-31 13:11:13] AÇÕES.WARNING: Adicionado Produto a Venda: - Usuário: Maristela Florentino Marques -ID:3 [] []
[2018-12-31 13:11:33] AÇÕES.WARNING: Adicionado Produto a Venda: - Usuário: Maristela Florentino Marques -ID:3 [] []
[2018-12-31 13:11:54] AÇÕES.WARNING: Adicionado Produto a Venda: - Usuário: Maristela Florentino Marques -ID:3 [] []
[2018-12-31 13:38:45] AÇÕES.WARNING: Nova Venda: - Usuário: Maristela Florentino Marques -ID:3 [] []
[2018-12-31 13:38:55] AÇÕES.WARNING: Adicionado Produto a Venda: - Usuário: Maristela Florentino Marques -ID:3 [] []
[2018-12-31 13:39:10] AÇÕES.WARNING: Adicionado Produto a Venda: - Usuário: Maristela Florentino Marques -ID:3 [] []
[2018-12-31 14:00:59] AÇÕES.WARNING: Adicionado Produto a Venda: - Usuário: Maristela Florentino Marques -ID:3 [] []
[2018-12-31 14:01:07] AÇÕES.WARNING: Adicionado Produto a Venda: - Usuário: Maristela Florentino Marques -ID:3 [] []
[2018-12-31 15:34:58] AÇÕES.WARNING: Nova Venda: - Usuário: Maristela Florentino Marques -ID:3 [] []
[2018-12-31 15:35:20] AÇÕES.WARNING: Adicionado Produto a Venda: - Usuário: Maristela Florentino Marques -ID:3 [] []
[2018-12-31 17:01:58] AÇÕES.WARNING: Nova Venda: - Usuário: Maristela Florentino Marques -ID:3 [] []
[2018-12-31 17:02:28] AÇÕES.WARNING: Adicionado Produto a Venda: - Usuário: Maristela Florentino Marques -ID:3 [] []
[2018-12-31 17:51:18] AÇÕES.WARNING: Nova Venda: - Usuário: Maristela Florentino Marques -ID:3 [] []
[2018-12-31 17:51:27] AÇÕES.WARNING: Adicionado Produto a Venda: - Usuário: Maristela Florentino Marques -ID:3 [] []
[2018-12-31 19:29:48] AÇÕES.WARNING: Nova Venda: - Usuário: Maristela Florentino Marques -ID:3 [] []
[2018-12-31 19:30:21] AÇÕES.WARNING: Adicionado Produto a Venda: - Usuário: Maristela Florentino Marques -ID:3 [] []
[2019-01-02 15:21:56] AÇÕES.WARNING: Nova Venda: - Usuário: Maristela Florentino Marques -ID:3 [] []
[2019-01-02 15:22:17] AÇÕES.WARNING: Adicionado Produto a Venda: - Usuário: Maristela Florentino Marques -ID:3 [] []
[2019-01-02 15:22:36] AÇÕES.WARNING: Adicionado Produto a Venda: - Usuário: Maristela Florentino Marques -ID:3 [] []
[2019-01-02 15:23:42] AÇÕES.WARNING: Adicionado Produto a Venda: - Usuário: Maristela Florentino Marques -ID:3 [] []
[2019-01-02 15:23:48] AÇÕES.WARNING: Adicionado Produto a Venda: - Usuário: Maristela Florentino Marques -ID:3 [] []
[2019-01-02 15:24:11] AÇÕES.WARNING: Adicionado Produto a Venda: - Usuário: Maristela Florentino Marques -ID:3 [] []
[2019-01-02 15:39:37] AÇÕES.WARNING: Adicionado Produto a Venda: - Usuário: Maristela Florentino Marques -ID:3 [] []
[2019-01-02 16:04:16] AÇÕES.WARNING: Novo Fornecedor: - Usuário: Maristela Florentino Marques -ID:3 [] []
[2019-01-02 16:04:33] AÇÕES.WARNING: Novo Fornecedor: - Usuário: Maristela Florentino Marques -ID:3 [] []
[2019-01-02 16:07:23] AÇÕES.WARNING: Nova Venda: - Usuário: Maristela Florentino Marques -ID:3 [] []
[2019-01-02 16:07:59] AÇÕES.WARNING: Adicionado Produto a Venda: - Usuário: Maristela Florentino Marques -ID:3 [] []
[2019-01-04 15:56:59] AÇÕES.WARNING: Nova Venda: - Usuário: Maristela Florentino Marques -ID:3 [] []
[2019-01-04 15:57:08] AÇÕES.WARNING: Adicionado Produto a Venda: - Usuário: Maristela Florentino Marques -ID:3 [] []
[2019-01-04 15:57:19] AÇÕES.WARNING: Adicionado Produto a Venda: - Usuário: Maristela Florentino Marques -ID:3 [] []
[2019-01-05 10:42:33] AÇÕES.WARNING: Nova Venda: - Usuário: Maristela Florentino Marques -ID:3 [] []
[2019-01-05 10:43:06] AÇÕES.WARNING: Adicionado Produto a Venda: - Usuário: Maristela Florentino Marques -ID:3 [] []
[2019-01-05 10:43:23] AÇÕES.WARNING: Adicionado Produto a Venda: - Usuário: Maristela Florentino Marques -ID:3 [] []
[2019-01-05 10:43:41] AÇÕES.WARNING: Adicionado Produto a Venda: - Usuário: Maristela Florentino Marques -ID:3 [] []
[2019-01-05 11:46:09] AÇÕES.WARNING: Nova Venda: - Usuário: Maristela Florentino Marques -ID:3 [] []
[2019-01-05 11:46:24] AÇÕES.WARNING: Adicionado Produto a Venda: - Usuário: Maristela Florentino Marques -ID:3 [] []
[2019-01-05 11:46:39] AÇÕES.WARNING: Adicionado Produto a Venda: - Usuário: Maristela Florentino Marques -ID:3 [] []
[2019-01-05 15:06:58] AÇÕES.WARNING: Nova Venda: - Usuário: Maristela Florentino Marques -ID:3 [] []
[2019-01-05 15:07:29] AÇÕES.WARNING: Adicionado Produto a Venda: - Usuário: Maristela Florentino Marques -ID:3 [] []
[2019-01-05 15:24:52] AÇÕES.WARNING: Nova Venda: - Usuário: Maristela Florentino Marques -ID:3 [] []
[2019-01-05 15:25:11] AÇÕES.WARNING: Adicionado Produto a Venda: - Usuário: Maristela Florentino Marques -ID:3 [] []
[2019-01-05 15:45:26] AÇÕES.WARNING: Nova Venda: - Usuário: Maristela Florentino Marques -ID:3 [] []
[2019-01-05 15:45:45] AÇÕES.WARNING: Adicionado Produto a Venda: - Usuário: Maristela Florentino Marques -ID:3 [] []
[2019-01-05 17:03:24] AÇÕES.WARNING: Nova Venda: - Usuário: Maristela Florentino Marques -ID:3 [] []
[2019-01-05 17:04:01] AÇÕES.WARNING: Adicionado Produto a Venda: - Usuário: Maristela Florentino Marques -ID:3 [] []
[2019-01-05 17:04:21] AÇÕES.WARNING: Adicionado Produto a Venda: - Usuário: Maristela Florentino Marques -ID:3 [] []
[2019-01-07 16:23:44] AÇÕES.WARNING: Nova Venda: - Usuário: Maristela Florentino Marques -ID:3 [] []
[2019-01-07 16:23:53] AÇÕES.WARNING: Adicionado Produto a Venda: - Usuário: Maristela Florentino Marques -ID:3 [] []
[2019-01-07 17:47:24] AÇÕES.WARNING: Nova Venda: - Usuário: Maristela Florentino Marques -ID:3 [] []
[2019-01-07 17:47:41] AÇÕES.WARNING: Adicionado Produto a Venda: - Usuário: Maristela Florentino Marques -ID:3 [] []
[2019-01-07 17:48:04] AÇÕES.WARNING: Nova Venda: - Usuário: Maristela Florentino Marques -ID:3 [] []
[2019-01-07 17:49:28] AÇÕES.WARNING: Adicionado Produto a Venda: - Usuário: Maristela Florentino Marques -ID:3 [] []
[2019-01-09 09:23:54] AÇÕES.WARNING: Nova Venda: - Usuário: Maristela Florentino Marques -ID:3 [] []
[2019-01-09 09:24:07] AÇÕES.WARNING: Adicionado Produto a Venda: - Usuário: Maristela Florentino Marques -ID:3 [] []
[2019-01-09 09:24:24] AÇÕES.WARNING: Nova Venda: - Usuário: Maristela Florentino Marques -ID:3 [] []
[2019-01-09 09:24:38] AÇÕES.WARNING: Adicionado Produto a Venda: - Usuário: Maristela Florentino Marques -ID:3 [] []
[2019-01-09 09:24:55] AÇÕES.WARNING: Nova Venda: - Usuário: Maristela Florentino Marques -ID:3 [] []
[2019-01-09 09:25:37] AÇÕES.WARNING: Adicionado Produto a Venda: - Usuário: Maristela Florentino Marques -ID:3 [] []
[2019-01-09 09:30:10] AÇÕES.WARNING: Adicionado Produto a Venda: - Usuário: Maristela Florentino Marques -ID:3 [] []
[2019-01-09 09:30:53] AÇÕES.WARNING: Nova Venda: - Usuário: Maristela Florentino Marques -ID:3 [] []
[2019-01-09 09:31:13] AÇÕES.WARNING: Adicionado Produto a Venda: - Usuário: Maristela Florentino Marques -ID:3 [] []
[2019-01-10 12:07:47] AÇÕES.WARNING: Nova Venda: - Usuário: Maristela Florentino Marques -ID:3 [] []
[2019-01-10 12:07:57] AÇÕES.WARNING: Adicionado Produto a Venda: - Usuário: Maristela Florentino Marques -ID:3 [] []
[2019-01-10 17:15:56] AÇÕES.WARNING: Nova Venda: - Usuário: Maristela Florentino Marques -ID:3 [] []
[2019-01-10 17:16:21] AÇÕES.WARNING: Adicionado Produto a Venda: - Usuário: Maristela Florentino Marques -ID:3 [] []
[2019-01-10 17:17:45] AÇÕES.WARNING: Nova Venda: - Usuário: Maristela Florentino Marques -ID:3 [] []
[2019-01-10 17:17:54] AÇÕES.WARNING: Adicionado Produto a Venda: - Usuário: Maristela Florentino Marques -ID:3 [] []
[2019-01-11 18:15:39] AÇÕES.WARNING: Nova Venda: - Usuário: Maristela Florentino Marques -ID:3 [] []
[2019-01-11 18:16:05] AÇÕES.WARNING: Adicionado Produto a Venda: - Usuário: Maristela Florentino Marques -ID:3 [] []
[2019-01-11 18:16:24] AÇÕES.WARNING: Nova Venda: - Usuário: Maristela Florentino Marques -ID:3 [] []
[2019-01-11 18:16:39] AÇÕES.WARNING: Adicionado Produto a Venda: - Usuário: Maristela Florentino Marques -ID:3 [] []
[2019-01-11 18:16:52] AÇÕES.WARNING: Adicionado Produto a Venda: - Usuário: Maristela Florentino Marques -ID:3 [] []
[2019-01-11 18:17:44] AÇÕES.WARNING: Nova Venda: - Usuário: Maristela Florentino Marques -ID:3 [] []
[2019-01-11 18:17:52] AÇÕES.WARNING: Adicionado Produto a Venda: - Usuário: Maristela Florentino Marques -ID:3 [] []
[2019-01-12 12:40:22] AÇÕES.WARNING: Nova Venda: - Usuário: Maristela Florentino Marques -ID:3 [] []
[2019-01-12 12:40:49] AÇÕES.WARNING: Adicionado Produto a Venda: - Usuário: Maristela Florentino Marques -ID:3 [] []
[2019-01-12 12:41:26] AÇÕES.WARNING: Adicionado Produto a Venda: - Usuário: Maristela Florentino Marques -ID:3 [] []
[2019-01-12 12:41:43] AÇÕES.WARNING: Adicionado Produto a Venda: - Usuário: Maristela Florentino Marques -ID:3 [] []
[2019-01-12 13:52:58] AÇÕES.WARNING: Nova Venda: - Usuário: Maristela Florentino Marques -ID:3 [] []
[2019-01-12 13:53:13] AÇÕES.WARNING: Adicionado Produto a Venda: - Usuário: Maristela Florentino Marques -ID:3 [] []
[2019-01-14 16:01:57] AÇÕES.WARNING: Nova Venda: - Usuário: Maristela Florentino Marques -ID:3 [] []
[2019-01-14 16:02:05] AÇÕES.WARNING: Adicionado Produto a Venda: - Usuário: Maristela Florentino Marques -ID:3 [] []
[2019-01-14 16:18:59] AÇÕES.WARNING: Nova Venda: - Usuário: Maristela Florentino Marques -ID:3 [] []
[2019-01-14 16:23:01] AÇÕES.WARNING: Adicionado Produto a Venda: - Usuário: Maristela Florentino Marques -ID:3 [] []
[2019-01-14 16:23:25] AÇÕES.WARNING: Adicionado Produto a Venda: - Usuário: Maristela Florentino Marques -ID:3 [] []
[2019-01-14 16:23:48] AÇÕES.WARNING: Nova Venda: - Usuário: Maristela Florentino Marques -ID:3 [] []
[2019-01-14 16:24:45] AÇÕES.WARNING: Adicionado Produto a Venda: - Usuário: Maristela Florentino Marques -ID:3 [] []
[2019-01-14 17:56:16] AÇÕES.WARNING: Nova Venda: - Usuário: Maristela Florentino Marques -ID:3 [] []
[2019-01-14 17:56:37] AÇÕES.WARNING: Adicionado Produto a Venda: - Usuário: Maristela Florentino Marques -ID:3 [] []
[2019-01-15 17:16:29] AÇÕES.WARNING: Nova Venda: - Usuário: Maristela Florentino Marques -ID:3 [] []
[2019-01-15 17:16:55] AÇÕES.WARNING: Adicionado Produto a Venda: - Usuário: Maristela Florentino Marques -ID:3 [] []
[2019-01-17 09:50:17] AÇÕES.WARNING: Nova Venda: - Usuário: Maristela Florentino Marques -ID:3 [] []
[2019-01-17 09:50:38] AÇÕES.WARNING: Adicionado Produto a Venda: - Usuário: Maristela Florentino Marques -ID:3 [] []
[2019-01-18 10:53:26] AÇÕES.WARNING: Nova Venda: - Usuário: Maristela Florentino Marques -ID:3 [] []
[2019-01-18 10:53:46] AÇÕES.WARNING: Adicionado Produto a Venda: - Usuário: Maristela Florentino Marques -ID:3 [] []
[2019-01-18 12:36:17] AÇÕES.WARNING: Nova Venda: - Usuário: Maristela Florentino Marques -ID:3 [] []
[2019-01-18 12:36:40] AÇÕES.WARNING: Adicionado Produto a Venda: - Usuário: Maristela Florentino Marques -ID:3 [] []
[2019-01-18 12:36:53] AÇÕES.WARNING: Adicionado Produto a Venda: - Usuário: Maristela Florentino Marques -ID:3 [] []
[2019-01-18 16:52:33] AÇÕES.WARNING: Nova Venda: - Usuário: Maristela Florentino Marques -ID:3 [] []
[2019-01-18 16:52:56] AÇÕES.WARNING: Adicionado Produto a Venda: - Usuário: Maristela Florentino Marques -ID:3 [] []
[2019-01-19 10:27:48] AÇÕES.WARNING: Nova Venda: - Usuário: Maristela Florentino Marques -ID:3 [] []
[2019-01-21 10:12:28] AÇÕES.WARNING: Nova Venda: - Usuário: Maristela Florentino Marques -ID:3 [] []
[2019-01-21 10:12:46] AÇÕES.WARNING: Adicionado Produto a Venda: - Usuário: Maristela Florentino Marques -ID:3 [] []
[2019-01-21 10:13:00] AÇÕES.WARNING: Adicionado Produto a Venda: - Usuário: Maristela Florentino Marques -ID:3 [] []
[2019-01-21 16:52:34] AÇÕES.WARNING: Nova Venda: - Usuário: Maristela Florentino Marques -ID:3 [] []
[2019-01-21 16:52:44] AÇÕES.WARNING: Adicionado Produto a Venda: - Usuário: Maristela Florentino Marques -ID:3 [] []
[2019-01-21 16:52:58] AÇÕES.WARNING: Adicionado Produto a Venda: - Usuário: Maristela Florentino Marques -ID:3 [] []
[2019-01-22 16:05:03] AÇÕES.WARNING: Nova Venda: - Usuário: Maristela Florentino Marques -ID:3 [] []
[2019-01-22 16:05:23] AÇÕES.WARNING: Adicionado Produto a Venda: - Usuário: Maristela Florentino Marques -ID:3 [] []
[2019-01-22 16:05:31] AÇÕES.WARNING: Adicionado Produto a Venda: - Usuário: Maristela Florentino Marques -ID:3 [] []
[2019-01-22 16:05:39] AÇÕES.WARNING: Adicionado Produto a Venda: - Usuário: Maristela Florentino Marques -ID:3 [] []
[2019-01-22 16:18:22] AÇÕES.WARNING: Nova Venda: - Usuário: Maristela Florentino Marques -ID:3 [] []
[2019-01-22 16:18:51] AÇÕES.WARNING: Adicionado Produto a Venda: - Usuário: Maristela Florentino Marques -ID:3 [] []
[2019-01-22 16:19:20] AÇÕES.WARNING: Adicionado Produto a Venda: - Usuário: Maristela Florentino Marques -ID:3 [] []
[2019-01-22 16:21:10] AÇÕES.WARNING: Adicionado Produto a Venda: - Usuário: Maristela Florentino Marques -ID:3 [] []
[2019-01-22 16:22:35] AÇÕES.WARNING: Adicionado Produto a Venda: - Usuário: Maristela Florentino Marques -ID:3 [] []
[2019-01-22 16:22:44] AÇÕES.WARNING: Removido Produto da Venda: - Usuário: Maristela Florentino Marques -ID:3 [] []
[2019-01-24 12:22:40] AÇÕES.WARNING: Nova Venda: - Usuário: Maristela Florentino Marques -ID:3 [] []
[2019-01-24 12:22:55] AÇÕES.WARNING: Adicionado Produto a Venda: - Usuário: Maristela Florentino Marques -ID:3 [] []
[2019-01-24 12:23:04] AÇÕES.WARNING: Adicionado Produto a Venda: - Usuário: Maristela Florentino Marques -ID:3 [] []
[2019-01-24 18:34:57] AÇÕES.WARNING: Nova Venda: - Usuário: Maristela Florentino Marques -ID:3 [] []
[2019-01-24 18:35:06] AÇÕES.WARNING: Adicionado Produto a Venda: - Usuário: Maristela Florentino Marques -ID:3 [] []
[2019-01-26 09:43:51] AÇÕES.WARNING: Nova Venda: - Usuário: Maristela Florentino Marques -ID:3 [] []
[2019-01-26 09:44:35] AÇÕES.WARNING: Adicionado Produto a Venda: - Usuário: Maristela Florentino Marques -ID:3 [] []
[2019-01-26 09:44:54] AÇÕES.WARNING: Nova Venda: - Usuário: Maristela Florentino Marques -ID:3 [] []
[2019-01-26 09:45:34] AÇÕES.WARNING: Adicionado Produto a Venda: - Usuário: Maristela Florentino Marques -ID:3 [] []
[2019-01-26 09:45:52] AÇÕES.WARNING: Adicionado Produto a Venda: - Usuário: Maristela Florentino Marques -ID:3 [] []
[2019-01-31 11:38:36] AÇÕES.WARNING: Nova Venda: - Usuário: Maristela Florentino Marques -ID:3 [] []
[2019-01-31 11:38:48] AÇÕES.WARNING: Adicionado Produto a Venda: - Usuário: Maristela Florentino Marques -ID:3 [] []
[2019-01-31 15:21:53] AÇÕES.WARNING: Nova Venda: - Usuário: Maristela Florentino Marques -ID:3 [] []
[2019-01-31 15:22:27] AÇÕES.WARNING: Adicionado Produto a Venda: - Usuário: Maristela Florentino Marques -ID:3 [] []
[2019-01-31 15:22:46] AÇÕES.WARNING: Adicionado Produto a Venda: - Usuário: Maristela Florentino Marques -ID:3 [] []
[2019-02-01 16:34:03] AÇÕES.WARNING: Nova Venda: - Usuário: Maristela Florentino Marques -ID:3 [] []
[2019-02-01 16:34:18] AÇÕES.WARNING: Adicionado Produto a Venda: - Usuário: Maristela Florentino Marques -ID:3 [] []
[2019-02-01 16:34:39] AÇÕES.WARNING: Adicionado Produto a Venda: - Usuário: Maristela Florentino Marques -ID:3 [] []
[2019-02-01 17:12:30] AÇÕES.WARNING: Nova Venda: - Usuário: Maristela Florentino Marques -ID:3 [] []
[2019-02-02 11:21:37] AÇÕES.WARNING: Nova Venda: - Usuário: Maristela Florentino Marques -ID:3 [] []
[2019-02-02 11:21:54] AÇÕES.WARNING: Adicionado Produto a Venda: - Usuário: Maristela Florentino Marques -ID:3 [] []
[2019-02-09 16:52:45] AÇÕES.WARNING: Nova Venda: - Usuário: Maristela Florentino Marques -ID:3 [] []
[2019-02-09 16:53:32] AÇÕES.WARNING: Adicionado Produto a Venda: - Usuário: Maristela Florentino Marques -ID:3 [] []
[2019-02-09 16:53:46] AÇÕES.WARNING: Adicionado Produto a Venda: - Usuário: Maristela Florentino Marques -ID:3 [] []
[2019-02-09 16:58:19] AÇÕES.WARNING: Nova Venda: - Usuário: Maristela Florentino Marques -ID:3 [] []
[2019-02-09 16:58:47] AÇÕES.WARNING: Adicionado Produto a Venda: - Usuário: Maristela Florentino Marques -ID:3 [] []
[2019-02-09 16:59:10] AÇÕES.WARNING: Adicionado Produto a Venda: - Usuário: Maristela Florentino Marques -ID:3 [] []
[2019-02-11 15:49:29] AÇÕES.WARNING: Nova Venda: - Usuário: Maristela Florentino Marques -ID:3 [] []
[2019-02-11 18:23:58] AÇÕES.WARNING: Nova Venda: - Usuário: Maristela Florentino Marques -ID:3 [] []
[2019-02-11 18:24:10] AÇÕES.WARNING: Adicionado Produto a Venda: - Usuário: Maristela Florentino Marques -ID:3 [] []
[2019-02-11 18:24:24] AÇÕES.WARNING: Adicionado Produto a Venda: - Usuário: Maristela Florentino Marques -ID:3 [] []
[2019-02-12 17:59:15] AÇÕES.WARNING: Nova Venda: - Usuário: Maristela Florentino Marques -ID:3 [] []
[2019-02-12 17:59:45] AÇÕES.WARNING: Adicionado Produto a Venda: - Usuário: Maristela Florentino Marques -ID:3 [] []
[2019-02-14 11:15:17] AÇÕES.WARNING: Nova Venda: - Usuário: Maristela Florentino Marques -ID:3 [] []
[2019-02-16 16:00:21] AÇÕES.WARNING: Nova Venda: - Usuário: Maristela Florentino Marques -ID:3 [] []
[2019-02-16 16:00:44] AÇÕES.WARNING: Adicionado Produto a Venda: - Usuário: Maristela Florentino Marques -ID:3 [] []
[2019-02-16 16:01:08] AÇÕES.WARNING: Adicionado Produto a Venda: - Usuário: Maristela Florentino Marques -ID:3 [] []
[2019-02-16 16:01:38] AÇÕES.WARNING: Adicionado Produto a Venda: - Usuário: Maristela Florentino Marques -ID:3 [] []
[2019-02-16 16:02:05] AÇÕES.WARNING: Adicionado Produto a Venda: - Usuário: Maristela Florentino Marques -ID:3 [] []
